{"timestamp":"2025-11-30T21:54:22.425689Z","level":"info","event":"Filling up the DagBag from /opt/airflow/dags/weather_to_snowflake_full.py","logger":"airflow.models.dagbag.DagBag","filename":"dagbag.py","lineno":593}
{"timestamp":"2025-11-30T21:54:22.455826Z","level":"warning","event":"The `airflow.decorators.task` attribute is deprecated. Please use `'airflow.sdk.task'`.","category":"DeprecatedImportWarning","filename":"/opt/airflow/dags/weather_to_snowflake_full.py","lineno":2,"logger":"py.warnings"}
{"timestamp":"2025-11-30T21:54:52.578984Z","level":"info","event":"Filling up the DagBag from /opt/airflow/dags/weather_to_snowflake_full.py","logger":"airflow.models.dagbag.DagBag","filename":"dagbag.py","lineno":593}
{"timestamp":"2025-11-30T21:54:52.611997Z","level":"warning","event":"The `airflow.decorators.task` attribute is deprecated. Please use `'airflow.sdk.task'`.","category":"DeprecatedImportWarning","filename":"/opt/airflow/dags/weather_to_snowflake_full.py","lineno":2,"logger":"py.warnings"}
{"timestamp":"2025-11-30T21:55:23.036916Z","level":"info","event":"Filling up the DagBag from /opt/airflow/dags/weather_to_snowflake_full.py","logger":"airflow.models.dagbag.DagBag","filename":"dagbag.py","lineno":593}
{"timestamp":"2025-11-30T21:55:23.061223Z","level":"warning","event":"The `airflow.decorators.task` attribute is deprecated. Please use `'airflow.sdk.task'`.","category":"DeprecatedImportWarning","filename":"/opt/airflow/dags/weather_to_snowflake_full.py","lineno":2,"logger":"py.warnings"}
{"timestamp":"2025-11-30T21:55:53.165153Z","level":"info","event":"Filling up the DagBag from /opt/airflow/dags/weather_to_snowflake_full.py","logger":"airflow.models.dagbag.DagBag","filename":"dagbag.py","lineno":593}
{"timestamp":"2025-11-30T21:55:53.193650Z","level":"warning","event":"The `airflow.decorators.task` attribute is deprecated. Please use `'airflow.sdk.task'`.","category":"DeprecatedImportWarning","filename":"/opt/airflow/dags/weather_to_snowflake_full.py","lineno":2,"logger":"py.warnings"}
{"timestamp":"2025-11-30T21:56:23.466404Z","level":"info","event":"Filling up the DagBag from /opt/airflow/dags/weather_to_snowflake_full.py","logger":"airflow.models.dagbag.DagBag","filename":"dagbag.py","lineno":593}
{"timestamp":"2025-11-30T21:56:23.492301Z","level":"warning","event":"The `airflow.decorators.task` attribute is deprecated. Please use `'airflow.sdk.task'`.","category":"DeprecatedImportWarning","filename":"/opt/airflow/dags/weather_to_snowflake_full.py","lineno":2,"logger":"py.warnings"}
{"timestamp":"2025-11-30T21:56:54.039315Z","level":"info","event":"Filling up the DagBag from /opt/airflow/dags/weather_to_snowflake_full.py","logger":"airflow.models.dagbag.DagBag","filename":"dagbag.py","lineno":593}
{"timestamp":"2025-11-30T21:56:54.071011Z","level":"warning","event":"The `airflow.decorators.task` attribute is deprecated. Please use `'airflow.sdk.task'`.","category":"DeprecatedImportWarning","filename":"/opt/airflow/dags/weather_to_snowflake_full.py","lineno":2,"logger":"py.warnings"}
{"timestamp":"2025-11-30T21:57:24.313908Z","level":"info","event":"Filling up the DagBag from /opt/airflow/dags/weather_to_snowflake_full.py","logger":"airflow.models.dagbag.DagBag","filename":"dagbag.py","lineno":593}
{"timestamp":"2025-11-30T21:57:24.348100Z","level":"warning","event":"The `airflow.decorators.task` attribute is deprecated. Please use `'airflow.sdk.task'`.","category":"DeprecatedImportWarning","filename":"/opt/airflow/dags/weather_to_snowflake_full.py","lineno":2,"logger":"py.warnings"}
{"timestamp":"2025-11-30T21:57:54.794125Z","level":"info","event":"Filling up the DagBag from /opt/airflow/dags/weather_to_snowflake_full.py","logger":"airflow.models.dagbag.DagBag","filename":"dagbag.py","lineno":593}
{"timestamp":"2025-11-30T21:57:54.826963Z","level":"warning","event":"The `airflow.decorators.task` attribute is deprecated. Please use `'airflow.sdk.task'`.","category":"DeprecatedImportWarning","filename":"/opt/airflow/dags/weather_to_snowflake_full.py","lineno":2,"logger":"py.warnings"}
{"timestamp":"2025-11-30T21:58:25.037115Z","level":"info","event":"Filling up the DagBag from /opt/airflow/dags/weather_to_snowflake_full.py","logger":"airflow.models.dagbag.DagBag","filename":"dagbag.py","lineno":593}
{"timestamp":"2025-11-30T21:58:25.063366Z","level":"warning","event":"The `airflow.decorators.task` attribute is deprecated. Please use `'airflow.sdk.task'`.","category":"DeprecatedImportWarning","filename":"/opt/airflow/dags/weather_to_snowflake_full.py","lineno":2,"logger":"py.warnings"}
{"timestamp":"2025-11-30T21:58:55.468130Z","level":"info","event":"Filling up the DagBag from /opt/airflow/dags/weather_to_snowflake_full.py","logger":"airflow.models.dagbag.DagBag","filename":"dagbag.py","lineno":593}
{"timestamp":"2025-11-30T21:58:55.492853Z","level":"warning","event":"The `airflow.decorators.task` attribute is deprecated. Please use `'airflow.sdk.task'`.","category":"DeprecatedImportWarning","filename":"/opt/airflow/dags/weather_to_snowflake_full.py","lineno":2,"logger":"py.warnings"}
{"timestamp":"2025-11-30T21:59:26.078161Z","level":"info","event":"Filling up the DagBag from /opt/airflow/dags/weather_to_snowflake_full.py","logger":"airflow.models.dagbag.DagBag","filename":"dagbag.py","lineno":593}
{"timestamp":"2025-11-30T21:59:26.129455Z","level":"warning","event":"The `airflow.decorators.task` attribute is deprecated. Please use `'airflow.sdk.task'`.","category":"DeprecatedImportWarning","filename":"/opt/airflow/dags/weather_to_snowflake_full.py","lineno":2,"logger":"py.warnings"}
{"timestamp":"2025-11-30T21:59:56.343314Z","level":"info","event":"Filling up the DagBag from /opt/airflow/dags/weather_to_snowflake_full.py","logger":"airflow.models.dagbag.DagBag","filename":"dagbag.py","lineno":593}
{"timestamp":"2025-11-30T21:59:56.369511Z","level":"warning","event":"The `airflow.decorators.task` attribute is deprecated. Please use `'airflow.sdk.task'`.","category":"DeprecatedImportWarning","filename":"/opt/airflow/dags/weather_to_snowflake_full.py","lineno":2,"logger":"py.warnings"}
{"timestamp":"2025-11-30T22:00:27.058693Z","level":"info","event":"Filling up the DagBag from /opt/airflow/dags/weather_to_snowflake_full.py","logger":"airflow.models.dagbag.DagBag","filename":"dagbag.py","lineno":593}
{"timestamp":"2025-11-30T22:00:27.088286Z","level":"warning","event":"The `airflow.decorators.task` attribute is deprecated. Please use `'airflow.sdk.task'`.","category":"DeprecatedImportWarning","filename":"/opt/airflow/dags/weather_to_snowflake_full.py","lineno":2,"logger":"py.warnings"}
{"timestamp":"2025-11-30T22:00:57.291450Z","level":"info","event":"Filling up the DagBag from /opt/airflow/dags/weather_to_snowflake_full.py","logger":"airflow.models.dagbag.DagBag","filename":"dagbag.py","lineno":593}
{"timestamp":"2025-11-30T22:00:57.315547Z","level":"warning","event":"The `airflow.decorators.task` attribute is deprecated. Please use `'airflow.sdk.task'`.","category":"DeprecatedImportWarning","filename":"/opt/airflow/dags/weather_to_snowflake_full.py","lineno":2,"logger":"py.warnings"}
{"timestamp":"2025-11-30T22:01:27.476088Z","level":"info","event":"Filling up the DagBag from /opt/airflow/dags/weather_to_snowflake_full.py","logger":"airflow.models.dagbag.DagBag","filename":"dagbag.py","lineno":593}
{"timestamp":"2025-11-30T22:01:27.501650Z","level":"warning","event":"The `airflow.decorators.task` attribute is deprecated. Please use `'airflow.sdk.task'`.","category":"DeprecatedImportWarning","filename":"/opt/airflow/dags/weather_to_snowflake_full.py","lineno":2,"logger":"py.warnings"}
{"timestamp":"2025-11-30T22:01:57.725522Z","level":"info","event":"Filling up the DagBag from /opt/airflow/dags/weather_to_snowflake_full.py","logger":"airflow.models.dagbag.DagBag","filename":"dagbag.py","lineno":593}
{"timestamp":"2025-11-30T22:01:57.747574Z","level":"warning","event":"The `airflow.decorators.task` attribute is deprecated. Please use `'airflow.sdk.task'`.","category":"DeprecatedImportWarning","filename":"/opt/airflow/dags/weather_to_snowflake_full.py","lineno":2,"logger":"py.warnings"}
{"timestamp":"2025-11-30T22:02:28.305787Z","level":"info","event":"Filling up the DagBag from /opt/airflow/dags/weather_to_snowflake_full.py","logger":"airflow.models.dagbag.DagBag","filename":"dagbag.py","lineno":593}
{"timestamp":"2025-11-30T22:02:28.326658Z","level":"warning","event":"The `airflow.decorators.task` attribute is deprecated. Please use `'airflow.sdk.task'`.","category":"DeprecatedImportWarning","filename":"/opt/airflow/dags/weather_to_snowflake_full.py","lineno":2,"logger":"py.warnings"}
{"timestamp":"2025-11-30T22:02:58.589793Z","level":"info","event":"Filling up the DagBag from /opt/airflow/dags/weather_to_snowflake_full.py","logger":"airflow.models.dagbag.DagBag","filename":"dagbag.py","lineno":593}
{"timestamp":"2025-11-30T22:02:58.631043Z","level":"warning","event":"The `airflow.decorators.task` attribute is deprecated. Please use `'airflow.sdk.task'`.","category":"DeprecatedImportWarning","filename":"/opt/airflow/dags/weather_to_snowflake_full.py","lineno":2,"logger":"py.warnings"}
{"timestamp":"2025-11-30T22:03:30.180496Z","level":"info","event":"Filling up the DagBag from /opt/airflow/dags/weather_to_snowflake_full.py","logger":"airflow.models.dagbag.DagBag","filename":"dagbag.py","lineno":593}
{"timestamp":"2025-11-30T22:03:30.216783Z","level":"warning","event":"The `airflow.decorators.task` attribute is deprecated. Please use `'airflow.sdk.task'`.","category":"DeprecatedImportWarning","filename":"/opt/airflow/dags/weather_to_snowflake_full.py","lineno":2,"logger":"py.warnings"}
{"timestamp":"2025-11-30T22:04:00.735909Z","level":"info","event":"Filling up the DagBag from /opt/airflow/dags/weather_to_snowflake_full.py","logger":"airflow.models.dagbag.DagBag","filename":"dagbag.py","lineno":593}
{"timestamp":"2025-11-30T22:04:00.761514Z","level":"warning","event":"The `airflow.decorators.task` attribute is deprecated. Please use `'airflow.sdk.task'`.","category":"DeprecatedImportWarning","filename":"/opt/airflow/dags/weather_to_snowflake_full.py","lineno":2,"logger":"py.warnings"}
{"timestamp":"2025-11-30T22:04:31.649905Z","level":"info","event":"Filling up the DagBag from /opt/airflow/dags/weather_to_snowflake_full.py","logger":"airflow.models.dagbag.DagBag","filename":"dagbag.py","lineno":593}
{"timestamp":"2025-11-30T22:04:31.674909Z","level":"warning","event":"The `airflow.decorators.task` attribute is deprecated. Please use `'airflow.sdk.task'`.","category":"DeprecatedImportWarning","filename":"/opt/airflow/dags/weather_to_snowflake_full.py","lineno":2,"logger":"py.warnings"}
{"timestamp":"2025-11-30T22:05:01.930596Z","level":"info","event":"Filling up the DagBag from /opt/airflow/dags/weather_to_snowflake_full.py","logger":"airflow.models.dagbag.DagBag","filename":"dagbag.py","lineno":593}
{"timestamp":"2025-11-30T22:05:01.959477Z","level":"warning","event":"The `airflow.decorators.task` attribute is deprecated. Please use `'airflow.sdk.task'`.","category":"DeprecatedImportWarning","filename":"/opt/airflow/dags/weather_to_snowflake_full.py","lineno":2,"logger":"py.warnings"}
{"timestamp":"2025-11-30T22:05:20.043423Z","level":"info","event":"Filling up the DagBag from /opt/airflow/dags/weather_to_snowflake_full.py","logger":"airflow.models.dagbag.DagBag","filename":"dagbag.py","lineno":593}
{"timestamp":"2025-11-30T22:05:20.075915Z","level":"warning","event":"The `airflow.decorators.task` attribute is deprecated. Please use `'airflow.sdk.task'`.","category":"DeprecatedImportWarning","filename":"/opt/airflow/dags/weather_to_snowflake_full.py","lineno":2,"logger":"py.warnings"}
{"timestamp":"2025-11-30T22:05:50.925330Z","level":"info","event":"Filling up the DagBag from /opt/airflow/dags/weather_to_snowflake_full.py","logger":"airflow.models.dagbag.DagBag","filename":"dagbag.py","lineno":593}
{"timestamp":"2025-11-30T22:05:50.981606Z","level":"warning","event":"The `airflow.decorators.task` attribute is deprecated. Please use `'airflow.sdk.task'`.","category":"DeprecatedImportWarning","filename":"/opt/airflow/dags/weather_to_snowflake_full.py","lineno":2,"logger":"py.warnings"}
{"timestamp":"2025-11-30T22:06:21.103137Z","level":"info","event":"Filling up the DagBag from /opt/airflow/dags/weather_to_snowflake_full.py","logger":"airflow.models.dagbag.DagBag","filename":"dagbag.py","lineno":593}
{"timestamp":"2025-11-30T22:06:21.136630Z","level":"warning","event":"The `airflow.decorators.task` attribute is deprecated. Please use `'airflow.sdk.task'`.","category":"DeprecatedImportWarning","filename":"/opt/airflow/dags/weather_to_snowflake_full.py","lineno":2,"logger":"py.warnings"}
{"timestamp":"2025-11-30T22:06:51.448347Z","level":"info","event":"Filling up the DagBag from /opt/airflow/dags/weather_to_snowflake_full.py","logger":"airflow.models.dagbag.DagBag","filename":"dagbag.py","lineno":593}
{"timestamp":"2025-11-30T22:06:51.477691Z","level":"warning","event":"The `airflow.decorators.task` attribute is deprecated. Please use `'airflow.sdk.task'`.","category":"DeprecatedImportWarning","filename":"/opt/airflow/dags/weather_to_snowflake_full.py","lineno":2,"logger":"py.warnings"}
{"timestamp":"2025-11-30T22:07:21.551706Z","level":"info","event":"Filling up the DagBag from /opt/airflow/dags/weather_to_snowflake_full.py","logger":"airflow.models.dagbag.DagBag","filename":"dagbag.py","lineno":593}
{"timestamp":"2025-11-30T22:07:21.580279Z","level":"warning","event":"The `airflow.decorators.task` attribute is deprecated. Please use `'airflow.sdk.task'`.","category":"DeprecatedImportWarning","filename":"/opt/airflow/dags/weather_to_snowflake_full.py","lineno":2,"logger":"py.warnings"}
{"timestamp":"2025-11-30T22:07:51.797688Z","level":"info","event":"Filling up the DagBag from /opt/airflow/dags/weather_to_snowflake_full.py","logger":"airflow.models.dagbag.DagBag","filename":"dagbag.py","lineno":593}
{"timestamp":"2025-11-30T22:07:51.825021Z","level":"warning","event":"The `airflow.decorators.task` attribute is deprecated. Please use `'airflow.sdk.task'`.","category":"DeprecatedImportWarning","filename":"/opt/airflow/dags/weather_to_snowflake_full.py","lineno":2,"logger":"py.warnings"}
{"timestamp":"2025-11-30T22:08:22.068995Z","level":"info","event":"Filling up the DagBag from /opt/airflow/dags/weather_to_snowflake_full.py","logger":"airflow.models.dagbag.DagBag","filename":"dagbag.py","lineno":593}
{"timestamp":"2025-11-30T22:08:22.115435Z","level":"warning","event":"The `airflow.decorators.task` attribute is deprecated. Please use `'airflow.sdk.task'`.","category":"DeprecatedImportWarning","filename":"/opt/airflow/dags/weather_to_snowflake_full.py","lineno":2,"logger":"py.warnings"}
{"timestamp":"2025-11-30T22:08:32.810275Z","level":"info","event":"Filling up the DagBag from /opt/airflow/dags/weather_to_snowflake_full.py","logger":"airflow.models.dagbag.DagBag","filename":"dagbag.py","lineno":593}
{"timestamp":"2025-11-30T22:08:32.840864Z","level":"warning","event":"The `airflow.decorators.task` attribute is deprecated. Please use `'airflow.sdk.task'`.","category":"DeprecatedImportWarning","filename":"/opt/airflow/dags/weather_to_snowflake_full.py","lineno":2,"logger":"py.warnings"}
{"timestamp":"2025-11-30T22:09:03.238119Z","level":"info","event":"Filling up the DagBag from /opt/airflow/dags/weather_to_snowflake_full.py","logger":"airflow.models.dagbag.DagBag","filename":"dagbag.py","lineno":593}
{"timestamp":"2025-11-30T22:09:03.295865Z","level":"warning","event":"The `airflow.decorators.task` attribute is deprecated. Please use `'airflow.sdk.task'`.","category":"DeprecatedImportWarning","filename":"/opt/airflow/dags/weather_to_snowflake_full.py","lineno":2,"logger":"py.warnings"}
{"timestamp":"2025-11-30T22:09:33.518242Z","level":"info","event":"Filling up the DagBag from /opt/airflow/dags/weather_to_snowflake_full.py","logger":"airflow.models.dagbag.DagBag","filename":"dagbag.py","lineno":593}
{"timestamp":"2025-11-30T22:09:33.575732Z","level":"warning","event":"The `airflow.decorators.task` attribute is deprecated. Please use `'airflow.sdk.task'`.","category":"DeprecatedImportWarning","filename":"/opt/airflow/dags/weather_to_snowflake_full.py","lineno":2,"logger":"py.warnings"}
{"timestamp":"2025-11-30T22:10:03.959089Z","level":"info","event":"Filling up the DagBag from /opt/airflow/dags/weather_to_snowflake_full.py","logger":"airflow.models.dagbag.DagBag","filename":"dagbag.py","lineno":593}
{"timestamp":"2025-11-30T22:10:03.984816Z","level":"warning","event":"The `airflow.decorators.task` attribute is deprecated. Please use `'airflow.sdk.task'`.","category":"DeprecatedImportWarning","filename":"/opt/airflow/dags/weather_to_snowflake_full.py","lineno":2,"logger":"py.warnings"}
{"timestamp":"2025-11-30T22:10:34.815528Z","level":"info","event":"Filling up the DagBag from /opt/airflow/dags/weather_to_snowflake_full.py","logger":"airflow.models.dagbag.DagBag","filename":"dagbag.py","lineno":593}
{"timestamp":"2025-11-30T22:10:34.841307Z","level":"warning","event":"The `airflow.decorators.task` attribute is deprecated. Please use `'airflow.sdk.task'`.","category":"DeprecatedImportWarning","filename":"/opt/airflow/dags/weather_to_snowflake_full.py","lineno":2,"logger":"py.warnings"}
{"timestamp":"2025-11-30T22:11:05.426020Z","level":"info","event":"Filling up the DagBag from /opt/airflow/dags/weather_to_snowflake_full.py","logger":"airflow.models.dagbag.DagBag","filename":"dagbag.py","lineno":593}
{"timestamp":"2025-11-30T22:11:05.472400Z","level":"warning","event":"The `airflow.decorators.task` attribute is deprecated. Please use `'airflow.sdk.task'`.","category":"DeprecatedImportWarning","filename":"/opt/airflow/dags/weather_to_snowflake_full.py","lineno":2,"logger":"py.warnings"}
{"timestamp":"2025-11-30T22:11:35.594145Z","level":"info","event":"Filling up the DagBag from /opt/airflow/dags/weather_to_snowflake_full.py","logger":"airflow.models.dagbag.DagBag","filename":"dagbag.py","lineno":593}
{"timestamp":"2025-11-30T22:11:35.618566Z","level":"warning","event":"The `airflow.decorators.task` attribute is deprecated. Please use `'airflow.sdk.task'`.","category":"DeprecatedImportWarning","filename":"/opt/airflow/dags/weather_to_snowflake_full.py","lineno":2,"logger":"py.warnings"}
{"timestamp":"2025-11-30T22:12:05.989801Z","level":"info","event":"Filling up the DagBag from /opt/airflow/dags/weather_to_snowflake_full.py","logger":"airflow.models.dagbag.DagBag","filename":"dagbag.py","lineno":593}
{"timestamp":"2025-11-30T22:12:06.017093Z","level":"warning","event":"The `airflow.decorators.task` attribute is deprecated. Please use `'airflow.sdk.task'`.","category":"DeprecatedImportWarning","filename":"/opt/airflow/dags/weather_to_snowflake_full.py","lineno":2,"logger":"py.warnings"}
{"timestamp":"2025-11-30T22:12:36.581743Z","level":"info","event":"Filling up the DagBag from /opt/airflow/dags/weather_to_snowflake_full.py","logger":"airflow.models.dagbag.DagBag","filename":"dagbag.py","lineno":593}
{"timestamp":"2025-11-30T22:12:36.602688Z","level":"warning","event":"The `airflow.decorators.task` attribute is deprecated. Please use `'airflow.sdk.task'`.","category":"DeprecatedImportWarning","filename":"/opt/airflow/dags/weather_to_snowflake_full.py","lineno":2,"logger":"py.warnings"}
{"timestamp":"2025-11-30T22:13:07.116805Z","level":"info","event":"Filling up the DagBag from /opt/airflow/dags/weather_to_snowflake_full.py","logger":"airflow.models.dagbag.DagBag","filename":"dagbag.py","lineno":593}
{"timestamp":"2025-11-30T22:13:07.149838Z","level":"warning","event":"The `airflow.decorators.task` attribute is deprecated. Please use `'airflow.sdk.task'`.","category":"DeprecatedImportWarning","filename":"/opt/airflow/dags/weather_to_snowflake_full.py","lineno":2,"logger":"py.warnings"}
{"timestamp":"2025-11-30T22:13:37.781339Z","level":"info","event":"Filling up the DagBag from /opt/airflow/dags/weather_to_snowflake_full.py","logger":"airflow.models.dagbag.DagBag","filename":"dagbag.py","lineno":593}
{"timestamp":"2025-11-30T22:13:37.845070Z","level":"warning","event":"The `airflow.decorators.task` attribute is deprecated. Please use `'airflow.sdk.task'`.","category":"DeprecatedImportWarning","filename":"/opt/airflow/dags/weather_to_snowflake_full.py","lineno":2,"logger":"py.warnings"}
{"timestamp":"2025-11-30T22:14:07.958696Z","level":"info","event":"Filling up the DagBag from /opt/airflow/dags/weather_to_snowflake_full.py","logger":"airflow.models.dagbag.DagBag","filename":"dagbag.py","lineno":593}
{"timestamp":"2025-11-30T22:14:07.991344Z","level":"warning","event":"The `airflow.decorators.task` attribute is deprecated. Please use `'airflow.sdk.task'`.","category":"DeprecatedImportWarning","filename":"/opt/airflow/dags/weather_to_snowflake_full.py","lineno":2,"logger":"py.warnings"}
{"timestamp":"2025-11-30T22:14:38.561743Z","level":"info","event":"Filling up the DagBag from /opt/airflow/dags/weather_to_snowflake_full.py","logger":"airflow.models.dagbag.DagBag","filename":"dagbag.py","lineno":593}
{"timestamp":"2025-11-30T22:14:38.589779Z","level":"warning","event":"The `airflow.decorators.task` attribute is deprecated. Please use `'airflow.sdk.task'`.","category":"DeprecatedImportWarning","filename":"/opt/airflow/dags/weather_to_snowflake_full.py","lineno":2,"logger":"py.warnings"}
{"timestamp":"2025-11-30T22:15:09.413000Z","level":"info","event":"Filling up the DagBag from /opt/airflow/dags/weather_to_snowflake_full.py","logger":"airflow.models.dagbag.DagBag","filename":"dagbag.py","lineno":593}
{"timestamp":"2025-11-30T22:15:09.452036Z","level":"warning","event":"The `airflow.decorators.task` attribute is deprecated. Please use `'airflow.sdk.task'`.","category":"DeprecatedImportWarning","filename":"/opt/airflow/dags/weather_to_snowflake_full.py","lineno":2,"logger":"py.warnings"}
{"timestamp":"2025-11-30T22:15:39.754995Z","level":"info","event":"Filling up the DagBag from /opt/airflow/dags/weather_to_snowflake_full.py","logger":"airflow.models.dagbag.DagBag","filename":"dagbag.py","lineno":593}
{"timestamp":"2025-11-30T22:15:39.781247Z","level":"warning","event":"The `airflow.decorators.task` attribute is deprecated. Please use `'airflow.sdk.task'`.","category":"DeprecatedImportWarning","filename":"/opt/airflow/dags/weather_to_snowflake_full.py","lineno":2,"logger":"py.warnings"}
{"timestamp":"2025-11-30T22:16:10.135829Z","level":"info","event":"Filling up the DagBag from /opt/airflow/dags/weather_to_snowflake_full.py","logger":"airflow.models.dagbag.DagBag","filename":"dagbag.py","lineno":593}
{"timestamp":"2025-11-30T22:16:10.177700Z","level":"warning","event":"The `airflow.decorators.task` attribute is deprecated. Please use `'airflow.sdk.task'`.","category":"DeprecatedImportWarning","filename":"/opt/airflow/dags/weather_to_snowflake_full.py","lineno":2,"logger":"py.warnings"}
{"timestamp":"2025-11-30T22:19:09.928661Z","level":"info","event":"Filling up the DagBag from /opt/airflow/dags/weather_to_snowflake_full.py","logger":"airflow.models.dagbag.DagBag","filename":"dagbag.py","lineno":593}
{"timestamp":"2025-11-30T22:19:09.951158Z","level":"warning","event":"The `airflow.decorators.task` attribute is deprecated. Please use `'airflow.sdk.task'`.","category":"DeprecatedImportWarning","filename":"/opt/airflow/dags/weather_to_snowflake_full.py","lineno":2,"logger":"py.warnings"}
{"timestamp":"2025-11-30T22:19:40.349631Z","level":"info","event":"Filling up the DagBag from /opt/airflow/dags/weather_to_snowflake_full.py","logger":"airflow.models.dagbag.DagBag","filename":"dagbag.py","lineno":593}
{"timestamp":"2025-11-30T22:19:40.389137Z","level":"warning","event":"The `airflow.decorators.task` attribute is deprecated. Please use `'airflow.sdk.task'`.","category":"DeprecatedImportWarning","filename":"/opt/airflow/dags/weather_to_snowflake_full.py","lineno":2,"logger":"py.warnings"}
{"timestamp":"2025-11-30T22:20:33.558831Z","level":"info","event":"Filling up the DagBag from /opt/airflow/dags/weather_to_snowflake_full.py","logger":"airflow.models.dagbag.DagBag","filename":"dagbag.py","lineno":593}
{"timestamp":"2025-11-30T22:20:34.562984Z","level":"warning","event":"The `airflow.decorators.task` attribute is deprecated. Please use `'airflow.sdk.task'`.","category":"DeprecatedImportWarning","filename":"/opt/airflow/dags/weather_to_snowflake_full.py","lineno":2,"logger":"py.warnings"}
{"timestamp":"2025-11-30T22:21:15.186868Z","level":"info","event":"Filling up the DagBag from /opt/airflow/dags/weather_to_snowflake_full.py","logger":"airflow.models.dagbag.DagBag","filename":"dagbag.py","lineno":593}
{"timestamp":"2025-11-30T22:21:16.176165Z","level":"warning","event":"The `airflow.decorators.task` attribute is deprecated. Please use `'airflow.sdk.task'`.","category":"DeprecatedImportWarning","filename":"/opt/airflow/dags/weather_to_snowflake_full.py","lineno":2,"logger":"py.warnings"}
{"timestamp":"2025-11-30T22:21:48.271342Z","level":"info","event":"Filling up the DagBag from /opt/airflow/dags/weather_to_snowflake_full.py","logger":"airflow.models.dagbag.DagBag","filename":"dagbag.py","lineno":593}
{"timestamp":"2025-11-30T22:21:48.307329Z","level":"warning","event":"The `airflow.decorators.task` attribute is deprecated. Please use `'airflow.sdk.task'`.","category":"DeprecatedImportWarning","filename":"/opt/airflow/dags/weather_to_snowflake_full.py","lineno":2,"logger":"py.warnings"}
{"timestamp":"2025-11-30T22:22:18.728584Z","level":"info","event":"Filling up the DagBag from /opt/airflow/dags/weather_to_snowflake_full.py","logger":"airflow.models.dagbag.DagBag","filename":"dagbag.py","lineno":593}
{"timestamp":"2025-11-30T22:22:18.752841Z","level":"warning","event":"The `airflow.decorators.task` attribute is deprecated. Please use `'airflow.sdk.task'`.","category":"DeprecatedImportWarning","filename":"/opt/airflow/dags/weather_to_snowflake_full.py","lineno":2,"logger":"py.warnings"}
{"timestamp":"2025-11-30T22:22:49.370110Z","level":"info","event":"Filling up the DagBag from /opt/airflow/dags/weather_to_snowflake_full.py","logger":"airflow.models.dagbag.DagBag","filename":"dagbag.py","lineno":593}
{"timestamp":"2025-11-30T22:22:49.399364Z","level":"warning","event":"The `airflow.decorators.task` attribute is deprecated. Please use `'airflow.sdk.task'`.","category":"DeprecatedImportWarning","filename":"/opt/airflow/dags/weather_to_snowflake_full.py","lineno":2,"logger":"py.warnings"}
{"timestamp":"2025-11-30T22:23:20.327066Z","level":"info","event":"Filling up the DagBag from /opt/airflow/dags/weather_to_snowflake_full.py","logger":"airflow.models.dagbag.DagBag","filename":"dagbag.py","lineno":593}
{"timestamp":"2025-11-30T22:23:20.360686Z","level":"warning","event":"The `airflow.decorators.task` attribute is deprecated. Please use `'airflow.sdk.task'`.","category":"DeprecatedImportWarning","filename":"/opt/airflow/dags/weather_to_snowflake_full.py","lineno":2,"logger":"py.warnings"}
{"timestamp":"2025-11-30T22:23:51.925864Z","level":"info","event":"Filling up the DagBag from /opt/airflow/dags/weather_to_snowflake_full.py","logger":"airflow.models.dagbag.DagBag","filename":"dagbag.py","lineno":593}
{"timestamp":"2025-11-30T22:23:51.956729Z","level":"warning","event":"The `airflow.decorators.task` attribute is deprecated. Please use `'airflow.sdk.task'`.","category":"DeprecatedImportWarning","filename":"/opt/airflow/dags/weather_to_snowflake_full.py","lineno":2,"logger":"py.warnings"}
{"timestamp":"2025-11-30T22:24:29.104191Z","level":"info","event":"Filling up the DagBag from /opt/airflow/dags/weather_to_snowflake_full.py","logger":"airflow.models.dagbag.DagBag","filename":"dagbag.py","lineno":593}
{"timestamp":"2025-11-30T22:24:29.869729Z","level":"warning","event":"The `airflow.decorators.task` attribute is deprecated. Please use `'airflow.sdk.task'`.","category":"DeprecatedImportWarning","filename":"/opt/airflow/dags/weather_to_snowflake_full.py","lineno":2,"logger":"py.warnings"}
{"timestamp":"2025-11-30T22:25:01.324687Z","level":"info","event":"Filling up the DagBag from /opt/airflow/dags/weather_to_snowflake_full.py","logger":"airflow.models.dagbag.DagBag","filename":"dagbag.py","lineno":593}
{"timestamp":"2025-11-30T22:25:01.401252Z","level":"warning","event":"The `airflow.decorators.task` attribute is deprecated. Please use `'airflow.sdk.task'`.","category":"DeprecatedImportWarning","filename":"/opt/airflow/dags/weather_to_snowflake_full.py","lineno":2,"logger":"py.warnings"}
{"timestamp":"2025-11-30T22:25:31.797504Z","level":"info","event":"Filling up the DagBag from /opt/airflow/dags/weather_to_snowflake_full.py","logger":"airflow.models.dagbag.DagBag","filename":"dagbag.py","lineno":593}
{"timestamp":"2025-11-30T22:25:31.839063Z","level":"warning","event":"The `airflow.decorators.task` attribute is deprecated. Please use `'airflow.sdk.task'`.","category":"DeprecatedImportWarning","filename":"/opt/airflow/dags/weather_to_snowflake_full.py","lineno":2,"logger":"py.warnings"}
{"timestamp":"2025-11-30T22:26:02.207721Z","level":"info","event":"Filling up the DagBag from /opt/airflow/dags/weather_to_snowflake_full.py","logger":"airflow.models.dagbag.DagBag","filename":"dagbag.py","lineno":593}
{"timestamp":"2025-11-30T22:26:02.247250Z","level":"warning","event":"The `airflow.decorators.task` attribute is deprecated. Please use `'airflow.sdk.task'`.","category":"DeprecatedImportWarning","filename":"/opt/airflow/dags/weather_to_snowflake_full.py","lineno":2,"logger":"py.warnings"}
{"timestamp":"2025-11-30T22:26:32.926790Z","level":"info","event":"Filling up the DagBag from /opt/airflow/dags/weather_to_snowflake_full.py","logger":"airflow.models.dagbag.DagBag","filename":"dagbag.py","lineno":593}
{"timestamp":"2025-11-30T22:26:33.031271Z","level":"warning","event":"The `airflow.decorators.task` attribute is deprecated. Please use `'airflow.sdk.task'`.","category":"DeprecatedImportWarning","filename":"/opt/airflow/dags/weather_to_snowflake_full.py","lineno":2,"logger":"py.warnings"}
{"timestamp":"2025-11-30T22:26:55.765853Z","level":"info","event":"Filling up the DagBag from /opt/airflow/dags/weather_to_snowflake_full.py","logger":"airflow.models.dagbag.DagBag","filename":"dagbag.py","lineno":593}
{"timestamp":"2025-11-30T22:26:55.805992Z","level":"warning","event":"The `airflow.decorators.task` attribute is deprecated. Please use `'airflow.sdk.task'`.","category":"DeprecatedImportWarning","filename":"/opt/airflow/dags/weather_to_snowflake_full.py","lineno":2,"logger":"py.warnings"}
{"timestamp":"2025-11-30T22:27:27.782232Z","level":"info","event":"Filling up the DagBag from /opt/airflow/dags/weather_to_snowflake_full.py","logger":"airflow.models.dagbag.DagBag","filename":"dagbag.py","lineno":593}
{"timestamp":"2025-11-30T22:27:27.905858Z","level":"warning","event":"The `airflow.decorators.task` attribute is deprecated. Please use `'airflow.sdk.task'`.","category":"DeprecatedImportWarning","filename":"/opt/airflow/dags/weather_to_snowflake_full.py","lineno":2,"logger":"py.warnings"}
{"timestamp":"2025-11-30T22:28:03.530157Z","level":"info","event":"Filling up the DagBag from /opt/airflow/dags/weather_to_snowflake_full.py","logger":"airflow.models.dagbag.DagBag","filename":"dagbag.py","lineno":593}
{"timestamp":"2025-11-30T22:28:03.610763Z","level":"warning","event":"The `airflow.decorators.task` attribute is deprecated. Please use `'airflow.sdk.task'`.","category":"DeprecatedImportWarning","filename":"/opt/airflow/dags/weather_to_snowflake_full.py","lineno":2,"logger":"py.warnings"}
{"timestamp":"2025-11-30T22:28:35.355031Z","level":"info","event":"Filling up the DagBag from /opt/airflow/dags/weather_to_snowflake_full.py","logger":"airflow.models.dagbag.DagBag","filename":"dagbag.py","lineno":593}
{"timestamp":"2025-11-30T22:28:35.447982Z","level":"warning","event":"The `airflow.decorators.task` attribute is deprecated. Please use `'airflow.sdk.task'`.","category":"DeprecatedImportWarning","filename":"/opt/airflow/dags/weather_to_snowflake_full.py","lineno":2,"logger":"py.warnings"}
{"timestamp":"2025-11-30T22:29:08.128652Z","level":"info","event":"Filling up the DagBag from /opt/airflow/dags/weather_to_snowflake_full.py","logger":"airflow.models.dagbag.DagBag","filename":"dagbag.py","lineno":593}
{"timestamp":"2025-11-30T22:29:08.777988Z","level":"warning","event":"The `airflow.decorators.task` attribute is deprecated. Please use `'airflow.sdk.task'`.","category":"DeprecatedImportWarning","filename":"/opt/airflow/dags/weather_to_snowflake_full.py","lineno":2,"logger":"py.warnings"}
{"timestamp":"2025-11-30T22:29:39.279856Z","level":"info","event":"Filling up the DagBag from /opt/airflow/dags/weather_to_snowflake_full.py","logger":"airflow.models.dagbag.DagBag","filename":"dagbag.py","lineno":593}
{"timestamp":"2025-11-30T22:29:39.667335Z","level":"warning","event":"The `airflow.decorators.task` attribute is deprecated. Please use `'airflow.sdk.task'`.","category":"DeprecatedImportWarning","filename":"/opt/airflow/dags/weather_to_snowflake_full.py","lineno":2,"logger":"py.warnings"}
{"timestamp":"2025-11-30T22:30:10.178814Z","level":"info","event":"Filling up the DagBag from /opt/airflow/dags/weather_to_snowflake_full.py","logger":"airflow.models.dagbag.DagBag","filename":"dagbag.py","lineno":593}
{"timestamp":"2025-11-30T22:30:10.229273Z","level":"warning","event":"The `airflow.decorators.task` attribute is deprecated. Please use `'airflow.sdk.task'`.","category":"DeprecatedImportWarning","filename":"/opt/airflow/dags/weather_to_snowflake_full.py","lineno":2,"logger":"py.warnings"}
{"timestamp":"2025-11-30T22:30:41.110068Z","level":"info","event":"Filling up the DagBag from /opt/airflow/dags/weather_to_snowflake_full.py","logger":"airflow.models.dagbag.DagBag","filename":"dagbag.py","lineno":593}
{"timestamp":"2025-11-30T22:30:41.166446Z","level":"warning","event":"The `airflow.decorators.task` attribute is deprecated. Please use `'airflow.sdk.task'`.","category":"DeprecatedImportWarning","filename":"/opt/airflow/dags/weather_to_snowflake_full.py","lineno":2,"logger":"py.warnings"}
{"timestamp":"2025-11-30T22:31:26.614205Z","level":"info","event":"Filling up the DagBag from /opt/airflow/dags/weather_to_snowflake_full.py","logger":"airflow.models.dagbag.DagBag","filename":"dagbag.py","lineno":593}
{"timestamp":"2025-11-30T23:50:24.064677Z","level":"error","event":"Process timed out, PID: 1640","logger":"airflow.models.dagbag","filename":"dagbag.py","lineno":134}
{"timestamp":"2025-11-30T23:50:24.065206Z","level":"error","event":"Failed to import: /opt/airflow/dags/weather_to_snowflake_full.py","logger":"airflow.models.dagbag.DagBag","filename":"dagbag.py","lineno":415,"error_detail":[{"exc_type":"AirflowTaskTimeout","exc_value":"DagBag import timeout for /opt/airflow/dags/weather_to_snowflake_full.py after 30.0s.\nPlease take a look at these docs to improve your DAG import time:\n* https://airflow.apache.org/docs/apache-airflow/3.1.3/best-practices.html#top-level-python-code\n* https://airflow.apache.org/docs/apache-airflow/3.1.3/best-practices.html#reducing-dag-complexity, PID: 1640","exc_notes":[],"syntax_error":null,"is_cause":false,"frames":[{"filename":"/home/airflow/.local/lib/python3.12/site-packages/airflow/models/dagbag.py","lineno":405,"name":"parse"},{"filename":"<frozen importlib._bootstrap_external>","lineno":999,"name":"exec_module"},{"filename":"<frozen importlib._bootstrap>","lineno":488,"name":"_call_with_frames_removed"},{"filename":"/opt/airflow/dags/weather_to_snowflake_full.py","lineno":2,"name":"<module>"},{"filename":"<frozen importlib._bootstrap>","lineno":1412,"name":"_handle_fromlist"},{"filename":"/home/airflow/.local/lib/python3.12/site-packages/airflow/utils/deprecation_tools.py","lineno":78,"name":"getattr_with_deprecation"},{"filename":"/home/airflow/.local/lib/python3.12/site-packages/airflow/sdk/__init__.py","lineno":134,"name":"__getattr__"},{"filename":"/usr/python/lib/python3.12/importlib/__init__.py","lineno":90,"name":"import_module"},{"filename":"/home/airflow/.local/lib/python3.12/site-packages/airflow/sdk/definitions/decorators/__init__.py","lineno":24,"name":"<module>"},{"filename":"<frozen importlib._bootstrap>","lineno":1360,"name":"_find_and_load"},{"filename":"<frozen importlib._bootstrap>","lineno":1331,"name":"_find_and_load_unlocked"},{"filename":"<frozen importlib._bootstrap>","lineno":935,"name":"_load_unlocked"},{"filename":"<frozen importlib._bootstrap_external>","lineno":993,"name":"exec_module"},{"filename":"/home/airflow/.local/lib/python3.12/site-packages/airflow/models/dagbag.py","lineno":135,"name":"handle_timeout"}],"is_group":false,"exceptions":[]}]}
{"timestamp":"2025-11-30T22:31:39.330620Z","level":"warning","event":"The `airflow.decorators.task` attribute is deprecated. Please use `'airflow.sdk.task'`.","category":"DeprecatedImportWarning","filename":"/opt/airflow/dags/weather_to_snowflake_full.py","lineno":2,"logger":"py.warnings"}
{"timestamp":"2025-11-30T22:32:10.146772Z","level":"info","event":"Filling up the DagBag from /opt/airflow/dags/weather_to_snowflake_full.py","logger":"airflow.models.dagbag.DagBag","filename":"dagbag.py","lineno":593}
{"timestamp":"2025-11-30T22:32:10.223798Z","level":"warning","event":"The `airflow.decorators.task` attribute is deprecated. Please use `'airflow.sdk.task'`.","category":"DeprecatedImportWarning","filename":"/opt/airflow/dags/weather_to_snowflake_full.py","lineno":2,"logger":"py.warnings"}
{"timestamp":"2025-11-30T22:32:40.760688Z","level":"info","event":"Filling up the DagBag from /opt/airflow/dags/weather_to_snowflake_full.py","logger":"airflow.models.dagbag.DagBag","filename":"dagbag.py","lineno":593}
{"timestamp":"2025-11-30T22:32:40.807747Z","level":"warning","event":"The `airflow.decorators.task` attribute is deprecated. Please use `'airflow.sdk.task'`.","category":"DeprecatedImportWarning","filename":"/opt/airflow/dags/weather_to_snowflake_full.py","lineno":2,"logger":"py.warnings"}
{"timestamp":"2025-11-30T22:33:09.897781Z","level":"info","event":"Filling up the DagBag from /opt/airflow/dags/weather_to_snowflake_full.py","logger":"airflow.models.dagbag.DagBag","filename":"dagbag.py","lineno":593}
{"timestamp":"2025-11-30T22:33:10.087513Z","level":"warning","event":"The `airflow.decorators.task` attribute is deprecated. Please use `'airflow.sdk.task'`.","category":"DeprecatedImportWarning","filename":"/opt/airflow/dags/weather_to_snowflake_full.py","lineno":2,"logger":"py.warnings"}
{"timestamp":"2025-11-30T22:33:40.977463Z","level":"info","event":"Filling up the DagBag from /opt/airflow/dags/weather_to_snowflake_full.py","logger":"airflow.models.dagbag.DagBag","filename":"dagbag.py","lineno":593}
{"timestamp":"2025-11-30T22:33:41.009018Z","level":"warning","event":"The `airflow.decorators.task` attribute is deprecated. Please use `'airflow.sdk.task'`.","category":"DeprecatedImportWarning","filename":"/opt/airflow/dags/weather_to_snowflake_full.py","lineno":2,"logger":"py.warnings"}
{"timestamp":"2025-11-30T22:33:56.182457Z","level":"info","event":"Filling up the DagBag from /opt/airflow/dags/weather_to_snowflake_full.py","logger":"airflow.models.dagbag.DagBag","filename":"dagbag.py","lineno":593}
{"timestamp":"2025-11-30T22:33:56.333358Z","level":"warning","event":"The `airflow.decorators.task` attribute is deprecated. Please use `'airflow.sdk.task'`.","category":"DeprecatedImportWarning","filename":"/opt/airflow/dags/weather_to_snowflake_full.py","lineno":2,"logger":"py.warnings"}
{"timestamp":"2025-11-30T22:35:23.258858Z","level":"info","event":"Filling up the DagBag from /opt/airflow/dags/weather_to_snowflake_full.py","logger":"airflow.models.dagbag.DagBag","filename":"dagbag.py","lineno":593}
{"timestamp":"2025-11-30T22:35:23.371752Z","level":"warning","event":"The `airflow.decorators.task` attribute is deprecated. Please use `'airflow.sdk.task'`.","category":"DeprecatedImportWarning","filename":"/opt/airflow/dags/weather_to_snowflake_full.py","lineno":2,"logger":"py.warnings"}
{"timestamp":"2025-11-30T22:36:14.484214Z","level":"info","event":"Filling up the DagBag from /opt/airflow/dags/weather_to_snowflake_full.py","logger":"airflow.models.dagbag.DagBag","filename":"dagbag.py","lineno":593}
{"timestamp":"2025-11-30T22:36:14.553689Z","level":"warning","event":"The `airflow.decorators.task` attribute is deprecated. Please use `'airflow.sdk.task'`.","category":"DeprecatedImportWarning","filename":"/opt/airflow/dags/weather_to_snowflake_full.py","lineno":2,"logger":"py.warnings"}
{"timestamp":"2025-11-30T22:36:49.610879Z","level":"info","event":"Filling up the DagBag from /opt/airflow/dags/weather_to_snowflake_full.py","logger":"airflow.models.dagbag.DagBag","filename":"dagbag.py","lineno":593}
{"timestamp":"2025-11-30T22:36:49.653720Z","level":"warning","event":"The `airflow.decorators.task` attribute is deprecated. Please use `'airflow.sdk.task'`.","category":"DeprecatedImportWarning","filename":"/opt/airflow/dags/weather_to_snowflake_full.py","lineno":2,"logger":"py.warnings"}
{"timestamp":"2025-11-30T22:37:20.755159Z","level":"info","event":"Filling up the DagBag from /opt/airflow/dags/weather_to_snowflake_full.py","logger":"airflow.models.dagbag.DagBag","filename":"dagbag.py","lineno":593}
{"timestamp":"2025-11-30T22:37:20.837352Z","level":"warning","event":"The `airflow.decorators.task` attribute is deprecated. Please use `'airflow.sdk.task'`.","category":"DeprecatedImportWarning","filename":"/opt/airflow/dags/weather_to_snowflake_full.py","lineno":2,"logger":"py.warnings"}
{"timestamp":"2025-11-30T22:37:54.232639Z","level":"info","event":"Filling up the DagBag from /opt/airflow/dags/weather_to_snowflake_full.py","logger":"airflow.models.dagbag.DagBag","filename":"dagbag.py","lineno":593}
{"timestamp":"2025-11-30T22:37:54.387786Z","level":"warning","event":"The `airflow.decorators.task` attribute is deprecated. Please use `'airflow.sdk.task'`.","category":"DeprecatedImportWarning","filename":"/opt/airflow/dags/weather_to_snowflake_full.py","lineno":2,"logger":"py.warnings"}
{"timestamp":"2025-11-30T22:38:27.195794Z","level":"info","event":"Filling up the DagBag from /opt/airflow/dags/weather_to_snowflake_full.py","logger":"airflow.models.dagbag.DagBag","filename":"dagbag.py","lineno":593}
{"timestamp":"2025-11-30T22:38:27.234451Z","level":"warning","event":"The `airflow.decorators.task` attribute is deprecated. Please use `'airflow.sdk.task'`.","category":"DeprecatedImportWarning","filename":"/opt/airflow/dags/weather_to_snowflake_full.py","lineno":2,"logger":"py.warnings"}
{"timestamp":"2025-11-30T22:38:57.779181Z","level":"info","event":"Filling up the DagBag from /opt/airflow/dags/weather_to_snowflake_full.py","logger":"airflow.models.dagbag.DagBag","filename":"dagbag.py","lineno":593}
{"timestamp":"2025-11-30T22:38:57.878378Z","level":"warning","event":"The `airflow.decorators.task` attribute is deprecated. Please use `'airflow.sdk.task'`.","category":"DeprecatedImportWarning","filename":"/opt/airflow/dags/weather_to_snowflake_full.py","lineno":2,"logger":"py.warnings"}
{"timestamp":"2025-11-30T22:39:28.687245Z","level":"info","event":"Filling up the DagBag from /opt/airflow/dags/weather_to_snowflake_full.py","logger":"airflow.models.dagbag.DagBag","filename":"dagbag.py","lineno":593}
{"timestamp":"2025-11-30T22:39:28.742415Z","level":"warning","event":"The `airflow.decorators.task` attribute is deprecated. Please use `'airflow.sdk.task'`.","category":"DeprecatedImportWarning","filename":"/opt/airflow/dags/weather_to_snowflake_full.py","lineno":2,"logger":"py.warnings"}
{"timestamp":"2025-11-30T22:39:59.242182Z","level":"info","event":"Filling up the DagBag from /opt/airflow/dags/weather_to_snowflake_full.py","logger":"airflow.models.dagbag.DagBag","filename":"dagbag.py","lineno":593}
{"timestamp":"2025-11-30T22:39:59.299945Z","level":"warning","event":"The `airflow.decorators.task` attribute is deprecated. Please use `'airflow.sdk.task'`.","category":"DeprecatedImportWarning","filename":"/opt/airflow/dags/weather_to_snowflake_full.py","lineno":2,"logger":"py.warnings"}
{"timestamp":"2025-11-30T22:40:29.787107Z","level":"info","event":"Filling up the DagBag from /opt/airflow/dags/weather_to_snowflake_full.py","logger":"airflow.models.dagbag.DagBag","filename":"dagbag.py","lineno":593}
{"timestamp":"2025-11-30T22:40:29.819462Z","level":"warning","event":"The `airflow.decorators.task` attribute is deprecated. Please use `'airflow.sdk.task'`.","category":"DeprecatedImportWarning","filename":"/opt/airflow/dags/weather_to_snowflake_full.py","lineno":2,"logger":"py.warnings"}
{"timestamp":"2025-11-30T22:41:00.445075Z","level":"info","event":"Filling up the DagBag from /opt/airflow/dags/weather_to_snowflake_full.py","logger":"airflow.models.dagbag.DagBag","filename":"dagbag.py","lineno":593}
{"timestamp":"2025-11-30T22:41:00.484390Z","level":"warning","event":"The `airflow.decorators.task` attribute is deprecated. Please use `'airflow.sdk.task'`.","category":"DeprecatedImportWarning","filename":"/opt/airflow/dags/weather_to_snowflake_full.py","lineno":2,"logger":"py.warnings"}
{"timestamp":"2025-11-30T22:41:30.925846Z","level":"info","event":"Filling up the DagBag from /opt/airflow/dags/weather_to_snowflake_full.py","logger":"airflow.models.dagbag.DagBag","filename":"dagbag.py","lineno":593}
{"timestamp":"2025-11-30T22:41:30.967593Z","level":"warning","event":"The `airflow.decorators.task` attribute is deprecated. Please use `'airflow.sdk.task'`.","category":"DeprecatedImportWarning","filename":"/opt/airflow/dags/weather_to_snowflake_full.py","lineno":2,"logger":"py.warnings"}
{"timestamp":"2025-11-30T22:42:01.570839Z","level":"info","event":"Filling up the DagBag from /opt/airflow/dags/weather_to_snowflake_full.py","logger":"airflow.models.dagbag.DagBag","filename":"dagbag.py","lineno":593}
{"timestamp":"2025-11-30T22:42:01.606327Z","level":"warning","event":"The `airflow.decorators.task` attribute is deprecated. Please use `'airflow.sdk.task'`.","category":"DeprecatedImportWarning","filename":"/opt/airflow/dags/weather_to_snowflake_full.py","lineno":2,"logger":"py.warnings"}
{"timestamp":"2025-11-30T22:42:31.771789Z","level":"info","event":"Filling up the DagBag from /opt/airflow/dags/weather_to_snowflake_full.py","logger":"airflow.models.dagbag.DagBag","filename":"dagbag.py","lineno":593}
{"timestamp":"2025-11-30T22:42:31.816940Z","level":"warning","event":"The `airflow.decorators.task` attribute is deprecated. Please use `'airflow.sdk.task'`.","category":"DeprecatedImportWarning","filename":"/opt/airflow/dags/weather_to_snowflake_full.py","lineno":2,"logger":"py.warnings"}
{"timestamp":"2025-11-30T22:43:01.968373Z","level":"info","event":"Filling up the DagBag from /opt/airflow/dags/weather_to_snowflake_full.py","logger":"airflow.models.dagbag.DagBag","filename":"dagbag.py","lineno":593}
{"timestamp":"2025-11-30T22:43:02.021611Z","level":"warning","event":"The `airflow.decorators.task` attribute is deprecated. Please use `'airflow.sdk.task'`.","category":"DeprecatedImportWarning","filename":"/opt/airflow/dags/weather_to_snowflake_full.py","lineno":2,"logger":"py.warnings"}
{"timestamp":"2025-11-30T22:43:32.290392Z","level":"info","event":"Filling up the DagBag from /opt/airflow/dags/weather_to_snowflake_full.py","logger":"airflow.models.dagbag.DagBag","filename":"dagbag.py","lineno":593}
{"timestamp":"2025-11-30T22:43:32.352631Z","level":"warning","event":"The `airflow.decorators.task` attribute is deprecated. Please use `'airflow.sdk.task'`.","category":"DeprecatedImportWarning","filename":"/opt/airflow/dags/weather_to_snowflake_full.py","lineno":2,"logger":"py.warnings"}
{"timestamp":"2025-11-30T22:44:02.660947Z","level":"info","event":"Filling up the DagBag from /opt/airflow/dags/weather_to_snowflake_full.py","logger":"airflow.models.dagbag.DagBag","filename":"dagbag.py","lineno":593}
{"timestamp":"2025-11-30T22:44:02.691986Z","level":"warning","event":"The `airflow.decorators.task` attribute is deprecated. Please use `'airflow.sdk.task'`.","category":"DeprecatedImportWarning","filename":"/opt/airflow/dags/weather_to_snowflake_full.py","lineno":2,"logger":"py.warnings"}
{"timestamp":"2025-11-30T22:44:33.623332Z","level":"info","event":"Filling up the DagBag from /opt/airflow/dags/weather_to_snowflake_full.py","logger":"airflow.models.dagbag.DagBag","filename":"dagbag.py","lineno":593}
{"timestamp":"2025-11-30T22:44:33.685660Z","level":"warning","event":"The `airflow.decorators.task` attribute is deprecated. Please use `'airflow.sdk.task'`.","category":"DeprecatedImportWarning","filename":"/opt/airflow/dags/weather_to_snowflake_full.py","lineno":2,"logger":"py.warnings"}
{"timestamp":"2025-11-30T22:45:04.157861Z","level":"info","event":"Filling up the DagBag from /opt/airflow/dags/weather_to_snowflake_full.py","logger":"airflow.models.dagbag.DagBag","filename":"dagbag.py","lineno":593}
{"timestamp":"2025-11-30T22:45:04.214500Z","level":"warning","event":"The `airflow.decorators.task` attribute is deprecated. Please use `'airflow.sdk.task'`.","category":"DeprecatedImportWarning","filename":"/opt/airflow/dags/weather_to_snowflake_full.py","lineno":2,"logger":"py.warnings"}
{"timestamp":"2025-11-30T22:45:34.714624Z","level":"info","event":"Filling up the DagBag from /opt/airflow/dags/weather_to_snowflake_full.py","logger":"airflow.models.dagbag.DagBag","filename":"dagbag.py","lineno":593}
{"timestamp":"2025-11-30T22:45:34.744681Z","level":"warning","event":"The `airflow.decorators.task` attribute is deprecated. Please use `'airflow.sdk.task'`.","category":"DeprecatedImportWarning","filename":"/opt/airflow/dags/weather_to_snowflake_full.py","lineno":2,"logger":"py.warnings"}
{"timestamp":"2025-11-30T22:46:05.352366Z","level":"info","event":"Filling up the DagBag from /opt/airflow/dags/weather_to_snowflake_full.py","logger":"airflow.models.dagbag.DagBag","filename":"dagbag.py","lineno":593}
{"timestamp":"2025-11-30T22:46:05.387062Z","level":"warning","event":"The `airflow.decorators.task` attribute is deprecated. Please use `'airflow.sdk.task'`.","category":"DeprecatedImportWarning","filename":"/opt/airflow/dags/weather_to_snowflake_full.py","lineno":2,"logger":"py.warnings"}
{"timestamp":"2025-11-30T22:46:35.521731Z","level":"info","event":"Filling up the DagBag from /opt/airflow/dags/weather_to_snowflake_full.py","logger":"airflow.models.dagbag.DagBag","filename":"dagbag.py","lineno":593}
{"timestamp":"2025-11-30T22:46:35.564187Z","level":"warning","event":"The `airflow.decorators.task` attribute is deprecated. Please use `'airflow.sdk.task'`.","category":"DeprecatedImportWarning","filename":"/opt/airflow/dags/weather_to_snowflake_full.py","lineno":2,"logger":"py.warnings"}
{"timestamp":"2025-11-30T22:47:05.866413Z","level":"info","event":"Filling up the DagBag from /opt/airflow/dags/weather_to_snowflake_full.py","logger":"airflow.models.dagbag.DagBag","filename":"dagbag.py","lineno":593}
{"timestamp":"2025-11-30T22:47:05.904873Z","level":"warning","event":"The `airflow.decorators.task` attribute is deprecated. Please use `'airflow.sdk.task'`.","category":"DeprecatedImportWarning","filename":"/opt/airflow/dags/weather_to_snowflake_full.py","lineno":2,"logger":"py.warnings"}
{"timestamp":"2025-11-30T22:47:36.277787Z","level":"info","event":"Filling up the DagBag from /opt/airflow/dags/weather_to_snowflake_full.py","logger":"airflow.models.dagbag.DagBag","filename":"dagbag.py","lineno":593}
{"timestamp":"2025-11-30T22:47:36.311212Z","level":"warning","event":"The `airflow.decorators.task` attribute is deprecated. Please use `'airflow.sdk.task'`.","category":"DeprecatedImportWarning","filename":"/opt/airflow/dags/weather_to_snowflake_full.py","lineno":2,"logger":"py.warnings"}
{"timestamp":"2025-11-30T22:48:06.617171Z","level":"info","event":"Filling up the DagBag from /opt/airflow/dags/weather_to_snowflake_full.py","logger":"airflow.models.dagbag.DagBag","filename":"dagbag.py","lineno":593}
{"timestamp":"2025-11-30T22:48:06.772985Z","level":"warning","event":"The `airflow.decorators.task` attribute is deprecated. Please use `'airflow.sdk.task'`.","category":"DeprecatedImportWarning","filename":"/opt/airflow/dags/weather_to_snowflake_full.py","lineno":2,"logger":"py.warnings"}
{"timestamp":"2025-11-30T22:48:38.368516Z","level":"info","event":"Filling up the DagBag from /opt/airflow/dags/weather_to_snowflake_full.py","logger":"airflow.models.dagbag.DagBag","filename":"dagbag.py","lineno":593}
{"timestamp":"2025-11-30T22:48:38.403504Z","level":"warning","event":"The `airflow.decorators.task` attribute is deprecated. Please use `'airflow.sdk.task'`.","category":"DeprecatedImportWarning","filename":"/opt/airflow/dags/weather_to_snowflake_full.py","lineno":2,"logger":"py.warnings"}
{"timestamp":"2025-11-30T22:49:08.548177Z","level":"info","event":"Filling up the DagBag from /opt/airflow/dags/weather_to_snowflake_full.py","logger":"airflow.models.dagbag.DagBag","filename":"dagbag.py","lineno":593}
{"timestamp":"2025-11-30T22:49:08.593744Z","level":"warning","event":"The `airflow.decorators.task` attribute is deprecated. Please use `'airflow.sdk.task'`.","category":"DeprecatedImportWarning","filename":"/opt/airflow/dags/weather_to_snowflake_full.py","lineno":2,"logger":"py.warnings"}
{"timestamp":"2025-11-30T22:49:39.414460Z","level":"info","event":"Filling up the DagBag from /opt/airflow/dags/weather_to_snowflake_full.py","logger":"airflow.models.dagbag.DagBag","filename":"dagbag.py","lineno":593}
{"timestamp":"2025-11-30T22:49:39.456964Z","level":"warning","event":"The `airflow.decorators.task` attribute is deprecated. Please use `'airflow.sdk.task'`.","category":"DeprecatedImportWarning","filename":"/opt/airflow/dags/weather_to_snowflake_full.py","lineno":2,"logger":"py.warnings"}
{"timestamp":"2025-11-30T22:50:10.262605Z","level":"info","event":"Filling up the DagBag from /opt/airflow/dags/weather_to_snowflake_full.py","logger":"airflow.models.dagbag.DagBag","filename":"dagbag.py","lineno":593}
{"timestamp":"2025-11-30T22:50:10.298564Z","level":"warning","event":"The `airflow.decorators.task` attribute is deprecated. Please use `'airflow.sdk.task'`.","category":"DeprecatedImportWarning","filename":"/opt/airflow/dags/weather_to_snowflake_full.py","lineno":2,"logger":"py.warnings"}
{"timestamp":"2025-11-30T22:50:40.842539Z","level":"info","event":"Filling up the DagBag from /opt/airflow/dags/weather_to_snowflake_full.py","logger":"airflow.models.dagbag.DagBag","filename":"dagbag.py","lineno":593}
{"timestamp":"2025-11-30T22:50:40.889025Z","level":"warning","event":"The `airflow.decorators.task` attribute is deprecated. Please use `'airflow.sdk.task'`.","category":"DeprecatedImportWarning","filename":"/opt/airflow/dags/weather_to_snowflake_full.py","lineno":2,"logger":"py.warnings"}
{"timestamp":"2025-11-30T22:51:11.205068Z","level":"info","event":"Filling up the DagBag from /opt/airflow/dags/weather_to_snowflake_full.py","logger":"airflow.models.dagbag.DagBag","filename":"dagbag.py","lineno":593}
{"timestamp":"2025-11-30T22:51:11.241872Z","level":"warning","event":"The `airflow.decorators.task` attribute is deprecated. Please use `'airflow.sdk.task'`.","category":"DeprecatedImportWarning","filename":"/opt/airflow/dags/weather_to_snowflake_full.py","lineno":2,"logger":"py.warnings"}
{"timestamp":"2025-11-30T22:51:41.567622Z","level":"info","event":"Filling up the DagBag from /opt/airflow/dags/weather_to_snowflake_full.py","logger":"airflow.models.dagbag.DagBag","filename":"dagbag.py","lineno":593}
{"timestamp":"2025-11-30T22:51:41.601213Z","level":"warning","event":"The `airflow.decorators.task` attribute is deprecated. Please use `'airflow.sdk.task'`.","category":"DeprecatedImportWarning","filename":"/opt/airflow/dags/weather_to_snowflake_full.py","lineno":2,"logger":"py.warnings"}
{"timestamp":"2025-11-30T22:52:11.964659Z","level":"info","event":"Filling up the DagBag from /opt/airflow/dags/weather_to_snowflake_full.py","logger":"airflow.models.dagbag.DagBag","filename":"dagbag.py","lineno":593}
{"timestamp":"2025-11-30T22:52:11.998109Z","level":"warning","event":"The `airflow.decorators.task` attribute is deprecated. Please use `'airflow.sdk.task'`.","category":"DeprecatedImportWarning","filename":"/opt/airflow/dags/weather_to_snowflake_full.py","lineno":2,"logger":"py.warnings"}
{"timestamp":"2025-11-30T22:52:42.375047Z","level":"info","event":"Filling up the DagBag from /opt/airflow/dags/weather_to_snowflake_full.py","logger":"airflow.models.dagbag.DagBag","filename":"dagbag.py","lineno":593}
{"timestamp":"2025-11-30T22:52:42.405650Z","level":"warning","event":"The `airflow.decorators.task` attribute is deprecated. Please use `'airflow.sdk.task'`.","category":"DeprecatedImportWarning","filename":"/opt/airflow/dags/weather_to_snowflake_full.py","lineno":2,"logger":"py.warnings"}
{"timestamp":"2025-11-30T22:53:12.771427Z","level":"info","event":"Filling up the DagBag from /opt/airflow/dags/weather_to_snowflake_full.py","logger":"airflow.models.dagbag.DagBag","filename":"dagbag.py","lineno":593}
{"timestamp":"2025-11-30T22:53:12.828871Z","level":"warning","event":"The `airflow.decorators.task` attribute is deprecated. Please use `'airflow.sdk.task'`.","category":"DeprecatedImportWarning","filename":"/opt/airflow/dags/weather_to_snowflake_full.py","lineno":2,"logger":"py.warnings"}
{"timestamp":"2025-11-30T22:53:43.175670Z","level":"info","event":"Filling up the DagBag from /opt/airflow/dags/weather_to_snowflake_full.py","logger":"airflow.models.dagbag.DagBag","filename":"dagbag.py","lineno":593}
{"timestamp":"2025-11-30T22:53:43.458120Z","level":"warning","event":"The `airflow.decorators.task` attribute is deprecated. Please use `'airflow.sdk.task'`.","category":"DeprecatedImportWarning","filename":"/opt/airflow/dags/weather_to_snowflake_full.py","lineno":2,"logger":"py.warnings"}
{"timestamp":"2025-11-30T22:54:14.231172Z","level":"info","event":"Filling up the DagBag from /opt/airflow/dags/weather_to_snowflake_full.py","logger":"airflow.models.dagbag.DagBag","filename":"dagbag.py","lineno":593}
{"timestamp":"2025-11-30T22:54:14.268030Z","level":"warning","event":"The `airflow.decorators.task` attribute is deprecated. Please use `'airflow.sdk.task'`.","category":"DeprecatedImportWarning","filename":"/opt/airflow/dags/weather_to_snowflake_full.py","lineno":2,"logger":"py.warnings"}
{"timestamp":"2025-11-30T22:54:44.364776Z","level":"info","event":"Filling up the DagBag from /opt/airflow/dags/weather_to_snowflake_full.py","logger":"airflow.models.dagbag.DagBag","filename":"dagbag.py","lineno":593}
{"timestamp":"2025-11-30T22:54:44.396457Z","level":"warning","event":"The `airflow.decorators.task` attribute is deprecated. Please use `'airflow.sdk.task'`.","category":"DeprecatedImportWarning","filename":"/opt/airflow/dags/weather_to_snowflake_full.py","lineno":2,"logger":"py.warnings"}
{"timestamp":"2025-11-30T22:55:14.615631Z","level":"info","event":"Filling up the DagBag from /opt/airflow/dags/weather_to_snowflake_full.py","logger":"airflow.models.dagbag.DagBag","filename":"dagbag.py","lineno":593}
{"timestamp":"2025-11-30T22:55:14.693092Z","level":"warning","event":"The `airflow.decorators.task` attribute is deprecated. Please use `'airflow.sdk.task'`.","category":"DeprecatedImportWarning","filename":"/opt/airflow/dags/weather_to_snowflake_full.py","lineno":2,"logger":"py.warnings"}
{"timestamp":"2025-11-30T22:55:49.322192Z","level":"info","event":"Filling up the DagBag from /opt/airflow/dags/weather_to_snowflake_full.py","logger":"airflow.models.dagbag.DagBag","filename":"dagbag.py","lineno":593}
{"timestamp":"2025-11-30T22:55:49.381270Z","level":"warning","event":"The `airflow.decorators.task` attribute is deprecated. Please use `'airflow.sdk.task'`.","category":"DeprecatedImportWarning","filename":"/opt/airflow/dags/weather_to_snowflake_full.py","lineno":2,"logger":"py.warnings"}
