{"timestamp":"2025-11-30T22:19:07.835306Z","level":"info","event":"Filling up the DagBag from /opt/airflow/dags/weather_master.py","logger":"airflow.models.dagbag.DagBag","filename":"dagbag.py","lineno":593}
{"timestamp":"2025-11-30T22:19:07.904505Z","level":"warning","event":"The `airflow.decorators.task` attribute is deprecated. Please use `'airflow.sdk.task'`.","category":"DeprecatedImportWarning","filename":"/opt/airflow/dags/weather_master.py","lineno":2,"logger":"py.warnings"}
{"timestamp":"2025-11-30T22:19:40.182169Z","level":"info","event":"Filling up the DagBag from /opt/airflow/dags/weather_master.py","logger":"airflow.models.dagbag.DagBag","filename":"dagbag.py","lineno":593}
{"timestamp":"2025-11-30T22:19:40.204605Z","level":"warning","event":"The `airflow.decorators.task` attribute is deprecated. Please use `'airflow.sdk.task'`.","category":"DeprecatedImportWarning","filename":"/opt/airflow/dags/weather_master.py","lineno":2,"logger":"py.warnings"}
{"timestamp":"2025-11-30T22:20:31.489047Z","level":"info","event":"Filling up the DagBag from /opt/airflow/dags/weather_master.py","logger":"airflow.models.dagbag.DagBag","filename":"dagbag.py","lineno":593}
{"timestamp":"2025-11-30T22:20:31.697886Z","level":"warning","event":"The `airflow.decorators.task` attribute is deprecated. Please use `'airflow.sdk.task'`.","category":"DeprecatedImportWarning","filename":"/opt/airflow/dags/weather_master.py","lineno":2,"logger":"py.warnings"}
{"timestamp":"2025-11-30T22:21:15.700597Z","level":"info","event":"Filling up the DagBag from /opt/airflow/dags/weather_master.py","logger":"airflow.models.dagbag.DagBag","filename":"dagbag.py","lineno":593}
{"timestamp":"2025-11-30T22:21:16.265963Z","level":"warning","event":"The `airflow.decorators.task` attribute is deprecated. Please use `'airflow.sdk.task'`.","category":"DeprecatedImportWarning","filename":"/opt/airflow/dags/weather_master.py","lineno":2,"logger":"py.warnings"}
{"timestamp":"2025-11-30T22:21:47.113487Z","level":"info","event":"Filling up the DagBag from /opt/airflow/dags/weather_master.py","logger":"airflow.models.dagbag.DagBag","filename":"dagbag.py","lineno":593}
{"timestamp":"2025-11-30T22:21:47.157172Z","level":"warning","event":"The `airflow.decorators.task` attribute is deprecated. Please use `'airflow.sdk.task'`.","category":"DeprecatedImportWarning","filename":"/opt/airflow/dags/weather_master.py","lineno":2,"logger":"py.warnings"}
{"timestamp":"2025-11-30T22:22:17.594550Z","level":"info","event":"Filling up the DagBag from /opt/airflow/dags/weather_master.py","logger":"airflow.models.dagbag.DagBag","filename":"dagbag.py","lineno":593}
{"timestamp":"2025-11-30T22:22:17.624941Z","level":"warning","event":"The `airflow.decorators.task` attribute is deprecated. Please use `'airflow.sdk.task'`.","category":"DeprecatedImportWarning","filename":"/opt/airflow/dags/weather_master.py","lineno":2,"logger":"py.warnings"}
{"timestamp":"2025-11-30T22:22:48.220247Z","level":"info","event":"Filling up the DagBag from /opt/airflow/dags/weather_master.py","logger":"airflow.models.dagbag.DagBag","filename":"dagbag.py","lineno":593}
{"timestamp":"2025-11-30T22:22:48.252570Z","level":"warning","event":"The `airflow.decorators.task` attribute is deprecated. Please use `'airflow.sdk.task'`.","category":"DeprecatedImportWarning","filename":"/opt/airflow/dags/weather_master.py","lineno":2,"logger":"py.warnings"}
{"timestamp":"2025-11-30T22:23:19.180977Z","level":"info","event":"Filling up the DagBag from /opt/airflow/dags/weather_master.py","logger":"airflow.models.dagbag.DagBag","filename":"dagbag.py","lineno":593}
{"timestamp":"2025-11-30T22:23:19.236149Z","level":"warning","event":"The `airflow.decorators.task` attribute is deprecated. Please use `'airflow.sdk.task'`.","category":"DeprecatedImportWarning","filename":"/opt/airflow/dags/weather_master.py","lineno":2,"logger":"py.warnings"}
{"timestamp":"2025-11-30T22:23:50.211819Z","level":"info","event":"Filling up the DagBag from /opt/airflow/dags/weather_master.py","logger":"airflow.models.dagbag.DagBag","filename":"dagbag.py","lineno":593}
{"timestamp":"2025-11-30T22:23:50.366220Z","level":"warning","event":"The `airflow.decorators.task` attribute is deprecated. Please use `'airflow.sdk.task'`.","category":"DeprecatedImportWarning","filename":"/opt/airflow/dags/weather_master.py","lineno":2,"logger":"py.warnings"}
{"timestamp":"2025-11-30T22:24:24.597916Z","level":"info","event":"Filling up the DagBag from /opt/airflow/dags/weather_master.py","logger":"airflow.models.dagbag.DagBag","filename":"dagbag.py","lineno":593}
{"timestamp":"2025-11-30T22:24:27.659864Z","level":"warning","event":"The `airflow.decorators.task` attribute is deprecated. Please use `'airflow.sdk.task'`.","category":"DeprecatedImportWarning","filename":"/opt/airflow/dags/weather_master.py","lineno":2,"logger":"py.warnings"}
{"timestamp":"2025-11-30T22:25:01.123854Z","level":"info","event":"Filling up the DagBag from /opt/airflow/dags/weather_master.py","logger":"airflow.models.dagbag.DagBag","filename":"dagbag.py","lineno":593}
{"timestamp":"2025-11-30T22:25:01.215471Z","level":"warning","event":"The `airflow.decorators.task` attribute is deprecated. Please use `'airflow.sdk.task'`.","category":"DeprecatedImportWarning","filename":"/opt/airflow/dags/weather_master.py","lineno":2,"logger":"py.warnings"}
{"timestamp":"2025-11-30T22:25:31.543832Z","level":"info","event":"Filling up the DagBag from /opt/airflow/dags/weather_master.py","logger":"airflow.models.dagbag.DagBag","filename":"dagbag.py","lineno":593}
{"timestamp":"2025-11-30T22:25:31.578861Z","level":"warning","event":"The `airflow.decorators.task` attribute is deprecated. Please use `'airflow.sdk.task'`.","category":"DeprecatedImportWarning","filename":"/opt/airflow/dags/weather_master.py","lineno":2,"logger":"py.warnings"}
{"timestamp":"2025-11-30T22:26:02.193378Z","level":"info","event":"Filling up the DagBag from /opt/airflow/dags/weather_master.py","logger":"airflow.models.dagbag.DagBag","filename":"dagbag.py","lineno":593}
{"timestamp":"2025-11-30T22:26:02.229882Z","level":"warning","event":"The `airflow.decorators.task` attribute is deprecated. Please use `'airflow.sdk.task'`.","category":"DeprecatedImportWarning","filename":"/opt/airflow/dags/weather_master.py","lineno":2,"logger":"py.warnings"}
{"timestamp":"2025-11-30T22:26:32.925573Z","level":"info","event":"Filling up the DagBag from /opt/airflow/dags/weather_master.py","logger":"airflow.models.dagbag.DagBag","filename":"dagbag.py","lineno":593}
{"timestamp":"2025-11-30T22:26:33.017373Z","level":"warning","event":"The `airflow.decorators.task` attribute is deprecated. Please use `'airflow.sdk.task'`.","category":"DeprecatedImportWarning","filename":"/opt/airflow/dags/weather_master.py","lineno":2,"logger":"py.warnings"}
{"timestamp":"2025-11-30T22:27:14.121489Z","level":"info","event":"Filling up the DagBag from /opt/airflow/dags/weather_master.py","logger":"airflow.models.dagbag.DagBag","filename":"dagbag.py","lineno":593}
{"timestamp":"2025-11-30T22:26:55.243377Z","level":"warning","event":"The `airflow.decorators.task` attribute is deprecated. Please use `'airflow.sdk.task'`.","category":"DeprecatedImportWarning","filename":"/opt/airflow/dags/weather_master.py","lineno":2,"logger":"py.warnings"}
{"timestamp":"2025-11-30T22:27:27.704816Z","level":"info","event":"Filling up the DagBag from /opt/airflow/dags/weather_master.py","logger":"airflow.models.dagbag.DagBag","filename":"dagbag.py","lineno":593}
{"timestamp":"2025-11-30T22:27:27.831782Z","level":"warning","event":"The `airflow.decorators.task` attribute is deprecated. Please use `'airflow.sdk.task'`.","category":"DeprecatedImportWarning","filename":"/opt/airflow/dags/weather_master.py","lineno":2,"logger":"py.warnings"}
{"timestamp":"2025-11-30T22:28:03.250071Z","level":"info","event":"Filling up the DagBag from /opt/airflow/dags/weather_master.py","logger":"airflow.models.dagbag.DagBag","filename":"dagbag.py","lineno":593}
{"timestamp":"2025-11-30T22:28:03.350475Z","level":"warning","event":"The `airflow.decorators.task` attribute is deprecated. Please use `'airflow.sdk.task'`.","category":"DeprecatedImportWarning","filename":"/opt/airflow/dags/weather_master.py","lineno":2,"logger":"py.warnings"}
{"timestamp":"2025-11-30T22:28:35.388527Z","level":"info","event":"Filling up the DagBag from /opt/airflow/dags/weather_master.py","logger":"airflow.models.dagbag.DagBag","filename":"dagbag.py","lineno":593}
{"timestamp":"2025-11-30T22:28:35.488757Z","level":"warning","event":"The `airflow.decorators.task` attribute is deprecated. Please use `'airflow.sdk.task'`.","category":"DeprecatedImportWarning","filename":"/opt/airflow/dags/weather_master.py","lineno":2,"logger":"py.warnings"}
{"timestamp":"2025-11-30T22:29:06.015782Z","level":"info","event":"Filling up the DagBag from /opt/airflow/dags/weather_master.py","logger":"airflow.models.dagbag.DagBag","filename":"dagbag.py","lineno":593}
{"timestamp":"2025-11-30T23:50:21.729090Z","level":"error","event":"Process timed out, PID: 1339","logger":"airflow.models.dagbag","filename":"dagbag.py","lineno":134}
{"timestamp":"2025-11-30T23:50:21.729719Z","level":"error","event":"Failed to import: /opt/airflow/dags/weather_master.py","logger":"airflow.models.dagbag.DagBag","filename":"dagbag.py","lineno":415,"error_detail":[{"exc_type":"AirflowTaskTimeout","exc_value":"DagBag import timeout for /opt/airflow/dags/weather_master.py after 30.0s.\nPlease take a look at these docs to improve your DAG import time:\n* https://airflow.apache.org/docs/apache-airflow/3.1.3/best-practices.html#top-level-python-code\n* https://airflow.apache.org/docs/apache-airflow/3.1.3/best-practices.html#reducing-dag-complexity, PID: 1339","exc_notes":[],"syntax_error":null,"is_cause":false,"frames":[{"filename":"/home/airflow/.local/lib/python3.12/site-packages/airflow/models/dagbag.py","lineno":405,"name":"parse"},{"filename":"<frozen importlib._bootstrap_external>","lineno":999,"name":"exec_module"},{"filename":"<frozen importlib._bootstrap>","lineno":488,"name":"_call_with_frames_removed"},{"filename":"/opt/airflow/dags/weather_master.py","lineno":2,"name":"<module>"},{"filename":"<frozen importlib._bootstrap>","lineno":1412,"name":"_handle_fromlist"},{"filename":"/home/airflow/.local/lib/python3.12/site-packages/airflow/utils/deprecation_tools.py","lineno":78,"name":"getattr_with_deprecation"},{"filename":"/home/airflow/.local/lib/python3.12/site-packages/airflow/sdk/__init__.py","lineno":134,"name":"__getattr__"},{"filename":"/usr/python/lib/python3.12/importlib/__init__.py","lineno":90,"name":"import_module"},{"filename":"/home/airflow/.local/lib/python3.12/site-packages/airflow/sdk/definitions/decorators/__init__.py","lineno":22,"name":"<module>"},{"filename":"/home/airflow/.local/lib/python3.12/site-packages/airflow/sdk/bases/decorator.py","lineno":301,"name":"<module>"},{"filename":"/home/airflow/.local/lib/python3.12/site-packages/attr/_next_gen.py","lineno":421,"name":"wrap"},{"filename":"/home/airflow/.local/lib/python3.12/site-packages/attr/_next_gen.py","lineno":366,"name":"do_it"},{"filename":"/home/airflow/.local/lib/python3.12/site-packages/attr/_make.py","lineno":1577,"name":"attrs"},{"filename":"/home/airflow/.local/lib/python3.12/site-packages/attr/_make.py","lineno":1525,"name":"wrap"},{"filename":"/home/airflow/.local/lib/python3.12/site-packages/attr/_make.py","lineno":666,"name":"__init__"},{"filename":"/home/airflow/.local/lib/python3.12/site-packages/airflow/models/dagbag.py","lineno":135,"name":"handle_timeout"}],"is_group":false,"exceptions":[]}]}
{"timestamp":"2025-11-30T23:50:22.280044Z","level":"warning","event":"The `airflow.decorators.task` attribute is deprecated. Please use `'airflow.sdk.task'`.","category":"DeprecatedImportWarning","filename":"/opt/airflow/dags/weather_master.py","lineno":2,"logger":"py.warnings"}
{"timestamp":"2025-11-30T22:29:39.261903Z","level":"info","event":"Filling up the DagBag from /opt/airflow/dags/weather_master.py","logger":"airflow.models.dagbag.DagBag","filename":"dagbag.py","lineno":593}
{"timestamp":"2025-11-30T22:29:39.302451Z","level":"warning","event":"The `airflow.decorators.task` attribute is deprecated. Please use `'airflow.sdk.task'`.","category":"DeprecatedImportWarning","filename":"/opt/airflow/dags/weather_master.py","lineno":2,"logger":"py.warnings"}
{"timestamp":"2025-11-30T22:30:10.137884Z","level":"info","event":"Filling up the DagBag from /opt/airflow/dags/weather_master.py","logger":"airflow.models.dagbag.DagBag","filename":"dagbag.py","lineno":593}
{"timestamp":"2025-11-30T22:30:10.185894Z","level":"warning","event":"The `airflow.decorators.task` attribute is deprecated. Please use `'airflow.sdk.task'`.","category":"DeprecatedImportWarning","filename":"/opt/airflow/dags/weather_master.py","lineno":2,"logger":"py.warnings"}
{"timestamp":"2025-11-30T22:30:41.083827Z","level":"info","event":"Filling up the DagBag from /opt/airflow/dags/weather_master.py","logger":"airflow.models.dagbag.DagBag","filename":"dagbag.py","lineno":593}
{"timestamp":"2025-11-30T22:30:41.133527Z","level":"warning","event":"The `airflow.decorators.task` attribute is deprecated. Please use `'airflow.sdk.task'`.","category":"DeprecatedImportWarning","filename":"/opt/airflow/dags/weather_master.py","lineno":2,"logger":"py.warnings"}
{"timestamp":"2025-11-30T22:31:22.271121Z","level":"info","event":"Filling up the DagBag from /opt/airflow/dags/weather_master.py","logger":"airflow.models.dagbag.DagBag","filename":"dagbag.py","lineno":593}
{"timestamp":"2025-11-30T22:31:39.108382Z","level":"error","event":"Process timed out, PID: 1639","logger":"airflow.models.dagbag","filename":"dagbag.py","lineno":134}
{"timestamp":"2025-11-30T22:31:39.108867Z","level":"error","event":"Failed to import: /opt/airflow/dags/weather_master.py","logger":"airflow.models.dagbag.DagBag","filename":"dagbag.py","lineno":415,"error_detail":[{"exc_type":"AirflowTaskTimeout","exc_value":"DagBag import timeout for /opt/airflow/dags/weather_master.py after 30.0s.\nPlease take a look at these docs to improve your DAG import time:\n* https://airflow.apache.org/docs/apache-airflow/3.1.3/best-practices.html#top-level-python-code\n* https://airflow.apache.org/docs/apache-airflow/3.1.3/best-practices.html#reducing-dag-complexity, PID: 1639","exc_notes":[],"syntax_error":null,"is_cause":false,"frames":[{"filename":"/home/airflow/.local/lib/python3.12/site-packages/airflow/models/dagbag.py","lineno":405,"name":"parse"},{"filename":"<frozen importlib._bootstrap_external>","lineno":999,"name":"exec_module"},{"filename":"<frozen importlib._bootstrap>","lineno":488,"name":"_call_with_frames_removed"},{"filename":"/opt/airflow/dags/weather_master.py","lineno":13,"name":"<module>"},{"filename":"/home/airflow/.local/lib/python3.12/site-packages/airflow/sdk/definitions/decorators/__init__.py","lineno":57,"name":"__call__"},{"filename":"/home/airflow/.local/lib/python3.12/site-packages/airflow/sdk/definitions/decorators/__init__.py","lineno":50,"name":"__getattr__"},{"filename":"/home/airflow/.local/lib/python3.12/site-packages/airflow/providers_manager.py","lineno":1191,"name":"taskflow_decorators"},{"filename":"/home/airflow/.local/lib/python3.12/site-packages/airflow/providers_manager.py","lineno":354,"name":"wrapped_function"},{"filename":"/home/airflow/.local/lib/python3.12/site-packages/airflow/providers_manager.py","lineno":354,"name":"wrapped_function"},{"filename":"/home/airflow/.local/lib/python3.12/site-packages/airflow/providers_manager.py","lineno":505,"name":"initialize_providers_taskflow_decorator"},{"filename":"/home/airflow/.local/lib/python3.12/site-packages/airflow/providers_manager.py","lineno":848,"name":"_discover_taskflow_decorators"},{"filename":"/home/airflow/.local/lib/python3.12/site-packages/airflow/providers_manager.py","lineno":852,"name":"_add_taskflow_decorator"},{"filename":"/home/airflow/.local/lib/python3.12/site-packages/airflow/models/dagbag.py","lineno":135,"name":"handle_timeout"}],"is_group":false,"exceptions":[]}]}
{"timestamp":"2025-11-30T22:31:39.112533Z","level":"warning","event":"The `airflow.decorators.task` attribute is deprecated. Please use `'airflow.sdk.task'`.","category":"DeprecatedImportWarning","filename":"/opt/airflow/dags/weather_master.py","lineno":2,"logger":"py.warnings"}
{"timestamp":"2025-11-30T22:32:10.125443Z","level":"info","event":"Filling up the DagBag from /opt/airflow/dags/weather_master.py","logger":"airflow.models.dagbag.DagBag","filename":"dagbag.py","lineno":593}
{"timestamp":"2025-11-30T22:32:10.181596Z","level":"warning","event":"The `airflow.decorators.task` attribute is deprecated. Please use `'airflow.sdk.task'`.","category":"DeprecatedImportWarning","filename":"/opt/airflow/dags/weather_master.py","lineno":2,"logger":"py.warnings"}
{"timestamp":"2025-11-30T22:32:40.459626Z","level":"info","event":"Filling up the DagBag from /opt/airflow/dags/weather_master.py","logger":"airflow.models.dagbag.DagBag","filename":"dagbag.py","lineno":593}
{"timestamp":"2025-11-30T22:32:40.509248Z","level":"warning","event":"The `airflow.decorators.task` attribute is deprecated. Please use `'airflow.sdk.task'`.","category":"DeprecatedImportWarning","filename":"/opt/airflow/dags/weather_master.py","lineno":2,"logger":"py.warnings"}
{"timestamp":"2025-11-30T22:33:09.829461Z","level":"info","event":"Filling up the DagBag from /opt/airflow/dags/weather_master.py","logger":"airflow.models.dagbag.DagBag","filename":"dagbag.py","lineno":593}
{"timestamp":"2025-11-30T22:33:09.908890Z","level":"warning","event":"The `airflow.decorators.task` attribute is deprecated. Please use `'airflow.sdk.task'`.","category":"DeprecatedImportWarning","filename":"/opt/airflow/dags/weather_master.py","lineno":2,"logger":"py.warnings"}
{"timestamp":"2025-11-30T22:33:40.960345Z","level":"info","event":"Filling up the DagBag from /opt/airflow/dags/weather_master.py","logger":"airflow.models.dagbag.DagBag","filename":"dagbag.py","lineno":593}
{"timestamp":"2025-11-30T22:33:40.995730Z","level":"warning","event":"The `airflow.decorators.task` attribute is deprecated. Please use `'airflow.sdk.task'`.","category":"DeprecatedImportWarning","filename":"/opt/airflow/dags/weather_master.py","lineno":2,"logger":"py.warnings"}
{"timestamp":"2025-11-30T22:33:56.166358Z","level":"info","event":"Filling up the DagBag from /opt/airflow/dags/weather_master.py","logger":"airflow.models.dagbag.DagBag","filename":"dagbag.py","lineno":593}
{"timestamp":"2025-11-30T22:33:56.298015Z","level":"warning","event":"The `airflow.decorators.task` attribute is deprecated. Please use `'airflow.sdk.task'`.","category":"DeprecatedImportWarning","filename":"/opt/airflow/dags/weather_master.py","lineno":2,"logger":"py.warnings"}
{"timestamp":"2025-11-30T22:35:22.923284Z","level":"info","event":"Filling up the DagBag from /opt/airflow/dags/weather_master.py","logger":"airflow.models.dagbag.DagBag","filename":"dagbag.py","lineno":593}
{"timestamp":"2025-11-30T22:35:22.989178Z","level":"warning","event":"The `airflow.decorators.task` attribute is deprecated. Please use `'airflow.sdk.task'`.","category":"DeprecatedImportWarning","filename":"/opt/airflow/dags/weather_master.py","lineno":2,"logger":"py.warnings"}
{"timestamp":"2025-11-30T22:36:14.209782Z","level":"info","event":"Filling up the DagBag from /opt/airflow/dags/weather_master.py","logger":"airflow.models.dagbag.DagBag","filename":"dagbag.py","lineno":593}
{"timestamp":"2025-11-30T22:36:14.328285Z","level":"warning","event":"The `airflow.decorators.task` attribute is deprecated. Please use `'airflow.sdk.task'`.","category":"DeprecatedImportWarning","filename":"/opt/airflow/dags/weather_master.py","lineno":2,"logger":"py.warnings"}
{"timestamp":"2025-11-30T22:36:49.416558Z","level":"info","event":"Filling up the DagBag from /opt/airflow/dags/weather_master.py","logger":"airflow.models.dagbag.DagBag","filename":"dagbag.py","lineno":593}
{"timestamp":"2025-11-30T22:36:49.465932Z","level":"warning","event":"The `airflow.decorators.task` attribute is deprecated. Please use `'airflow.sdk.task'`.","category":"DeprecatedImportWarning","filename":"/opt/airflow/dags/weather_master.py","lineno":2,"logger":"py.warnings"}
{"timestamp":"2025-11-30T22:37:20.594630Z","level":"info","event":"Filling up the DagBag from /opt/airflow/dags/weather_master.py","logger":"airflow.models.dagbag.DagBag","filename":"dagbag.py","lineno":593}
{"timestamp":"2025-11-30T22:37:20.738692Z","level":"warning","event":"The `airflow.decorators.task` attribute is deprecated. Please use `'airflow.sdk.task'`.","category":"DeprecatedImportWarning","filename":"/opt/airflow/dags/weather_master.py","lineno":2,"logger":"py.warnings"}
{"timestamp":"2025-11-30T22:37:54.058479Z","level":"info","event":"Filling up the DagBag from /opt/airflow/dags/weather_master.py","logger":"airflow.models.dagbag.DagBag","filename":"dagbag.py","lineno":593}
{"timestamp":"2025-11-30T22:37:54.216895Z","level":"warning","event":"The `airflow.decorators.task` attribute is deprecated. Please use `'airflow.sdk.task'`.","category":"DeprecatedImportWarning","filename":"/opt/airflow/dags/weather_master.py","lineno":2,"logger":"py.warnings"}
{"timestamp":"2025-11-30T22:38:25.043586Z","level":"info","event":"Filling up the DagBag from /opt/airflow/dags/weather_master.py","logger":"airflow.models.dagbag.DagBag","filename":"dagbag.py","lineno":593}
{"timestamp":"2025-11-30T22:38:25.079025Z","level":"warning","event":"The `airflow.decorators.task` attribute is deprecated. Please use `'airflow.sdk.task'`.","category":"DeprecatedImportWarning","filename":"/opt/airflow/dags/weather_master.py","lineno":2,"logger":"py.warnings"}
{"timestamp":"2025-11-30T22:38:55.528804Z","level":"info","event":"Filling up the DagBag from /opt/airflow/dags/weather_master.py","logger":"airflow.models.dagbag.DagBag","filename":"dagbag.py","lineno":593}
{"timestamp":"2025-11-30T22:38:55.579477Z","level":"warning","event":"The `airflow.decorators.task` attribute is deprecated. Please use `'airflow.sdk.task'`.","category":"DeprecatedImportWarning","filename":"/opt/airflow/dags/weather_master.py","lineno":2,"logger":"py.warnings"}
{"timestamp":"2025-11-30T22:39:26.345781Z","level":"info","event":"Filling up the DagBag from /opt/airflow/dags/weather_master.py","logger":"airflow.models.dagbag.DagBag","filename":"dagbag.py","lineno":593}
{"timestamp":"2025-11-30T22:39:26.392445Z","level":"warning","event":"The `airflow.decorators.task` attribute is deprecated. Please use `'airflow.sdk.task'`.","category":"DeprecatedImportWarning","filename":"/opt/airflow/dags/weather_master.py","lineno":2,"logger":"py.warnings"}
{"timestamp":"2025-11-30T22:39:56.977282Z","level":"info","event":"Filling up the DagBag from /opt/airflow/dags/weather_master.py","logger":"airflow.models.dagbag.DagBag","filename":"dagbag.py","lineno":593}
{"timestamp":"2025-11-30T22:39:57.028987Z","level":"warning","event":"The `airflow.decorators.task` attribute is deprecated. Please use `'airflow.sdk.task'`.","category":"DeprecatedImportWarning","filename":"/opt/airflow/dags/weather_master.py","lineno":2,"logger":"py.warnings"}
{"timestamp":"2025-11-30T22:40:27.627346Z","level":"info","event":"Filling up the DagBag from /opt/airflow/dags/weather_master.py","logger":"airflow.models.dagbag.DagBag","filename":"dagbag.py","lineno":593}
{"timestamp":"2025-11-30T22:40:27.655405Z","level":"warning","event":"The `airflow.decorators.task` attribute is deprecated. Please use `'airflow.sdk.task'`.","category":"DeprecatedImportWarning","filename":"/opt/airflow/dags/weather_master.py","lineno":2,"logger":"py.warnings"}
{"timestamp":"2025-11-30T22:40:58.308059Z","level":"info","event":"Filling up the DagBag from /opt/airflow/dags/weather_master.py","logger":"airflow.models.dagbag.DagBag","filename":"dagbag.py","lineno":593}
{"timestamp":"2025-11-30T22:40:58.337705Z","level":"warning","event":"The `airflow.decorators.task` attribute is deprecated. Please use `'airflow.sdk.task'`.","category":"DeprecatedImportWarning","filename":"/opt/airflow/dags/weather_master.py","lineno":2,"logger":"py.warnings"}
{"timestamp":"2025-11-30T22:41:28.770081Z","level":"info","event":"Filling up the DagBag from /opt/airflow/dags/weather_master.py","logger":"airflow.models.dagbag.DagBag","filename":"dagbag.py","lineno":593}
{"timestamp":"2025-11-30T22:41:28.801110Z","level":"warning","event":"The `airflow.decorators.task` attribute is deprecated. Please use `'airflow.sdk.task'`.","category":"DeprecatedImportWarning","filename":"/opt/airflow/dags/weather_master.py","lineno":2,"logger":"py.warnings"}
{"timestamp":"2025-11-30T22:41:59.436184Z","level":"info","event":"Filling up the DagBag from /opt/airflow/dags/weather_master.py","logger":"airflow.models.dagbag.DagBag","filename":"dagbag.py","lineno":593}
{"timestamp":"2025-11-30T22:41:59.466812Z","level":"warning","event":"The `airflow.decorators.task` attribute is deprecated. Please use `'airflow.sdk.task'`.","category":"DeprecatedImportWarning","filename":"/opt/airflow/dags/weather_master.py","lineno":2,"logger":"py.warnings"}
{"timestamp":"2025-11-30T22:42:29.613844Z","level":"info","event":"Filling up the DagBag from /opt/airflow/dags/weather_master.py","logger":"airflow.models.dagbag.DagBag","filename":"dagbag.py","lineno":593}
{"timestamp":"2025-11-30T22:42:29.648096Z","level":"warning","event":"The `airflow.decorators.task` attribute is deprecated. Please use `'airflow.sdk.task'`.","category":"DeprecatedImportWarning","filename":"/opt/airflow/dags/weather_master.py","lineno":2,"logger":"py.warnings"}
{"timestamp":"2025-11-30T22:42:59.800619Z","level":"info","event":"Filling up the DagBag from /opt/airflow/dags/weather_master.py","logger":"airflow.models.dagbag.DagBag","filename":"dagbag.py","lineno":593}
{"timestamp":"2025-11-30T22:42:59.832466Z","level":"warning","event":"The `airflow.decorators.task` attribute is deprecated. Please use `'airflow.sdk.task'`.","category":"DeprecatedImportWarning","filename":"/opt/airflow/dags/weather_master.py","lineno":2,"logger":"py.warnings"}
{"timestamp":"2025-11-30T22:43:30.129734Z","level":"info","event":"Filling up the DagBag from /opt/airflow/dags/weather_master.py","logger":"airflow.models.dagbag.DagBag","filename":"dagbag.py","lineno":593}
{"timestamp":"2025-11-30T22:43:30.161939Z","level":"warning","event":"The `airflow.decorators.task` attribute is deprecated. Please use `'airflow.sdk.task'`.","category":"DeprecatedImportWarning","filename":"/opt/airflow/dags/weather_master.py","lineno":2,"logger":"py.warnings"}
{"timestamp":"2025-11-30T22:44:00.511152Z","level":"info","event":"Filling up the DagBag from /opt/airflow/dags/weather_master.py","logger":"airflow.models.dagbag.DagBag","filename":"dagbag.py","lineno":593}
{"timestamp":"2025-11-30T22:44:00.559807Z","level":"warning","event":"The `airflow.decorators.task` attribute is deprecated. Please use `'airflow.sdk.task'`.","category":"DeprecatedImportWarning","filename":"/opt/airflow/dags/weather_master.py","lineno":2,"logger":"py.warnings"}
{"timestamp":"2025-11-30T22:44:30.681376Z","level":"info","event":"Filling up the DagBag from /opt/airflow/dags/weather_master.py","logger":"airflow.models.dagbag.DagBag","filename":"dagbag.py","lineno":593}
{"timestamp":"2025-11-30T22:44:30.710384Z","level":"warning","event":"The `airflow.decorators.task` attribute is deprecated. Please use `'airflow.sdk.task'`.","category":"DeprecatedImportWarning","filename":"/opt/airflow/dags/weather_master.py","lineno":2,"logger":"py.warnings"}
{"timestamp":"2025-11-30T22:45:01.973592Z","level":"info","event":"Filling up the DagBag from /opt/airflow/dags/weather_master.py","logger":"airflow.models.dagbag.DagBag","filename":"dagbag.py","lineno":593}
{"timestamp":"2025-11-30T22:45:02.010915Z","level":"warning","event":"The `airflow.decorators.task` attribute is deprecated. Please use `'airflow.sdk.task'`.","category":"DeprecatedImportWarning","filename":"/opt/airflow/dags/weather_master.py","lineno":2,"logger":"py.warnings"}
{"timestamp":"2025-11-30T22:45:32.565270Z","level":"info","event":"Filling up the DagBag from /opt/airflow/dags/weather_master.py","logger":"airflow.models.dagbag.DagBag","filename":"dagbag.py","lineno":593}
{"timestamp":"2025-11-30T22:45:32.595560Z","level":"warning","event":"The `airflow.decorators.task` attribute is deprecated. Please use `'airflow.sdk.task'`.","category":"DeprecatedImportWarning","filename":"/opt/airflow/dags/weather_master.py","lineno":2,"logger":"py.warnings"}
{"timestamp":"2025-11-30T22:46:03.212024Z","level":"info","event":"Filling up the DagBag from /opt/airflow/dags/weather_master.py","logger":"airflow.models.dagbag.DagBag","filename":"dagbag.py","lineno":593}
{"timestamp":"2025-11-30T22:46:03.246122Z","level":"warning","event":"The `airflow.decorators.task` attribute is deprecated. Please use `'airflow.sdk.task'`.","category":"DeprecatedImportWarning","filename":"/opt/airflow/dags/weather_master.py","lineno":2,"logger":"py.warnings"}
{"timestamp":"2025-11-30T22:46:33.438654Z","level":"info","event":"Filling up the DagBag from /opt/airflow/dags/weather_master.py","logger":"airflow.models.dagbag.DagBag","filename":"dagbag.py","lineno":593}
{"timestamp":"2025-11-30T22:46:33.468181Z","level":"warning","event":"The `airflow.decorators.task` attribute is deprecated. Please use `'airflow.sdk.task'`.","category":"DeprecatedImportWarning","filename":"/opt/airflow/dags/weather_master.py","lineno":2,"logger":"py.warnings"}
{"timestamp":"2025-11-30T22:47:04.732069Z","level":"info","event":"Filling up the DagBag from /opt/airflow/dags/weather_master.py","logger":"airflow.models.dagbag.DagBag","filename":"dagbag.py","lineno":593}
{"timestamp":"2025-11-30T22:47:04.766979Z","level":"warning","event":"The `airflow.decorators.task` attribute is deprecated. Please use `'airflow.sdk.task'`.","category":"DeprecatedImportWarning","filename":"/opt/airflow/dags/weather_master.py","lineno":2,"logger":"py.warnings"}
{"timestamp":"2025-11-30T22:47:35.088651Z","level":"info","event":"Filling up the DagBag from /opt/airflow/dags/weather_master.py","logger":"airflow.models.dagbag.DagBag","filename":"dagbag.py","lineno":593}
{"timestamp":"2025-11-30T22:47:35.132744Z","level":"warning","event":"The `airflow.decorators.task` attribute is deprecated. Please use `'airflow.sdk.task'`.","category":"DeprecatedImportWarning","filename":"/opt/airflow/dags/weather_master.py","lineno":2,"logger":"py.warnings"}
{"timestamp":"2025-11-30T22:48:05.784311Z","level":"info","event":"Filling up the DagBag from /opt/airflow/dags/weather_master.py","logger":"airflow.models.dagbag.DagBag","filename":"dagbag.py","lineno":593}
{"timestamp":"2025-11-30T22:48:05.949044Z","level":"warning","event":"The `airflow.decorators.task` attribute is deprecated. Please use `'airflow.sdk.task'`.","category":"DeprecatedImportWarning","filename":"/opt/airflow/dags/weather_master.py","lineno":2,"logger":"py.warnings"}
{"timestamp":"2025-11-30T22:48:37.054583Z","level":"info","event":"Filling up the DagBag from /opt/airflow/dags/weather_master.py","logger":"airflow.models.dagbag.DagBag","filename":"dagbag.py","lineno":593}
{"timestamp":"2025-11-30T22:48:37.093011Z","level":"warning","event":"The `airflow.decorators.task` attribute is deprecated. Please use `'airflow.sdk.task'`.","category":"DeprecatedImportWarning","filename":"/opt/airflow/dags/weather_master.py","lineno":2,"logger":"py.warnings"}
{"timestamp":"2025-11-30T22:49:07.970326Z","level":"info","event":"Filling up the DagBag from /opt/airflow/dags/weather_master.py","logger":"airflow.models.dagbag.DagBag","filename":"dagbag.py","lineno":593}
{"timestamp":"2025-11-30T22:49:08.009476Z","level":"warning","event":"The `airflow.decorators.task` attribute is deprecated. Please use `'airflow.sdk.task'`.","category":"DeprecatedImportWarning","filename":"/opt/airflow/dags/weather_master.py","lineno":2,"logger":"py.warnings"}
{"timestamp":"2025-11-30T22:49:38.271430Z","level":"info","event":"Filling up the DagBag from /opt/airflow/dags/weather_master.py","logger":"airflow.models.dagbag.DagBag","filename":"dagbag.py","lineno":593}
{"timestamp":"2025-11-30T22:49:38.302822Z","level":"warning","event":"The `airflow.decorators.task` attribute is deprecated. Please use `'airflow.sdk.task'`.","category":"DeprecatedImportWarning","filename":"/opt/airflow/dags/weather_master.py","lineno":2,"logger":"py.warnings"}
{"timestamp":"2025-11-30T22:50:09.143155Z","level":"info","event":"Filling up the DagBag from /opt/airflow/dags/weather_master.py","logger":"airflow.models.dagbag.DagBag","filename":"dagbag.py","lineno":593}
{"timestamp":"2025-11-30T22:50:09.174046Z","level":"warning","event":"The `airflow.decorators.task` attribute is deprecated. Please use `'airflow.sdk.task'`.","category":"DeprecatedImportWarning","filename":"/opt/airflow/dags/weather_master.py","lineno":2,"logger":"py.warnings"}
{"timestamp":"2025-11-30T22:50:39.695742Z","level":"info","event":"Filling up the DagBag from /opt/airflow/dags/weather_master.py","logger":"airflow.models.dagbag.DagBag","filename":"dagbag.py","lineno":593}
{"timestamp":"2025-11-30T22:50:39.733931Z","level":"warning","event":"The `airflow.decorators.task` attribute is deprecated. Please use `'airflow.sdk.task'`.","category":"DeprecatedImportWarning","filename":"/opt/airflow/dags/weather_master.py","lineno":2,"logger":"py.warnings"}
{"timestamp":"2025-11-30T22:51:10.084365Z","level":"info","event":"Filling up the DagBag from /opt/airflow/dags/weather_master.py","logger":"airflow.models.dagbag.DagBag","filename":"dagbag.py","lineno":593}
{"timestamp":"2025-11-30T22:51:10.114873Z","level":"warning","event":"The `airflow.decorators.task` attribute is deprecated. Please use `'airflow.sdk.task'`.","category":"DeprecatedImportWarning","filename":"/opt/airflow/dags/weather_master.py","lineno":2,"logger":"py.warnings"}
{"timestamp":"2025-11-30T22:51:40.420548Z","level":"info","event":"Filling up the DagBag from /opt/airflow/dags/weather_master.py","logger":"airflow.models.dagbag.DagBag","filename":"dagbag.py","lineno":593}
{"timestamp":"2025-11-30T22:51:40.450291Z","level":"warning","event":"The `airflow.decorators.task` attribute is deprecated. Please use `'airflow.sdk.task'`.","category":"DeprecatedImportWarning","filename":"/opt/airflow/dags/weather_master.py","lineno":2,"logger":"py.warnings"}
{"timestamp":"2025-11-30T22:52:10.813666Z","level":"info","event":"Filling up the DagBag from /opt/airflow/dags/weather_master.py","logger":"airflow.models.dagbag.DagBag","filename":"dagbag.py","lineno":593}
{"timestamp":"2025-11-30T22:52:10.851491Z","level":"warning","event":"The `airflow.decorators.task` attribute is deprecated. Please use `'airflow.sdk.task'`.","category":"DeprecatedImportWarning","filename":"/opt/airflow/dags/weather_master.py","lineno":2,"logger":"py.warnings"}
{"timestamp":"2025-11-30T22:52:41.246924Z","level":"info","event":"Filling up the DagBag from /opt/airflow/dags/weather_master.py","logger":"airflow.models.dagbag.DagBag","filename":"dagbag.py","lineno":593}
{"timestamp":"2025-11-30T22:52:41.275902Z","level":"warning","event":"The `airflow.decorators.task` attribute is deprecated. Please use `'airflow.sdk.task'`.","category":"DeprecatedImportWarning","filename":"/opt/airflow/dags/weather_master.py","lineno":2,"logger":"py.warnings"}
{"timestamp":"2025-11-30T22:53:11.592271Z","level":"info","event":"Filling up the DagBag from /opt/airflow/dags/weather_master.py","logger":"airflow.models.dagbag.DagBag","filename":"dagbag.py","lineno":593}
{"timestamp":"2025-11-30T22:53:11.637425Z","level":"warning","event":"The `airflow.decorators.task` attribute is deprecated. Please use `'airflow.sdk.task'`.","category":"DeprecatedImportWarning","filename":"/opt/airflow/dags/weather_master.py","lineno":2,"logger":"py.warnings"}
{"timestamp":"2025-11-30T22:53:41.795366Z","level":"info","event":"Filling up the DagBag from /opt/airflow/dags/weather_master.py","logger":"airflow.models.dagbag.DagBag","filename":"dagbag.py","lineno":593}
{"timestamp":"2025-11-30T22:53:41.838502Z","level":"warning","event":"The `airflow.decorators.task` attribute is deprecated. Please use `'airflow.sdk.task'`.","category":"DeprecatedImportWarning","filename":"/opt/airflow/dags/weather_master.py","lineno":2,"logger":"py.warnings"}
{"timestamp":"2025-11-30T22:54:12.211848Z","level":"info","event":"Filling up the DagBag from /opt/airflow/dags/weather_master.py","logger":"airflow.models.dagbag.DagBag","filename":"dagbag.py","lineno":593}
{"timestamp":"2025-11-30T22:54:12.266269Z","level":"warning","event":"The `airflow.decorators.task` attribute is deprecated. Please use `'airflow.sdk.task'`.","category":"DeprecatedImportWarning","filename":"/opt/airflow/dags/weather_master.py","lineno":2,"logger":"py.warnings"}
{"timestamp":"2025-11-30T22:54:42.964476Z","level":"info","event":"Filling up the DagBag from /opt/airflow/dags/weather_master.py","logger":"airflow.models.dagbag.DagBag","filename":"dagbag.py","lineno":593}
{"timestamp":"2025-11-30T22:54:43.011711Z","level":"warning","event":"The `airflow.decorators.task` attribute is deprecated. Please use `'airflow.sdk.task'`.","category":"DeprecatedImportWarning","filename":"/opt/airflow/dags/weather_master.py","lineno":2,"logger":"py.warnings"}
{"timestamp":"2025-11-30T22:55:13.906110Z","level":"info","event":"Filling up the DagBag from /opt/airflow/dags/weather_master.py","logger":"airflow.models.dagbag.DagBag","filename":"dagbag.py","lineno":593}
{"timestamp":"2025-11-30T22:55:13.954141Z","level":"warning","event":"The `airflow.decorators.task` attribute is deprecated. Please use `'airflow.sdk.task'`.","category":"DeprecatedImportWarning","filename":"/opt/airflow/dags/weather_master.py","lineno":2,"logger":"py.warnings"}
{"timestamp":"2025-11-30T22:55:49.093605Z","level":"info","event":"Filling up the DagBag from /opt/airflow/dags/weather_master.py","logger":"airflow.models.dagbag.DagBag","filename":"dagbag.py","lineno":593}
{"timestamp":"2025-11-30T22:55:49.148846Z","level":"warning","event":"The `airflow.decorators.task` attribute is deprecated. Please use `'airflow.sdk.task'`.","category":"DeprecatedImportWarning","filename":"/opt/airflow/dags/weather_master.py","lineno":2,"logger":"py.warnings"}
